<?xml version="1.0" encoding="UTF-8"?>
<!-- Generated by org.testng.reporters.JUnitReportReporter -->
<testsuite hostname="NOIANJUACER" failures="0" tests="1" name="testController.TestController" time="1086.650" errors="1" timestamp="2024-05-22T18:34:18 IST" skipped="0">
  <testcase classname="testController.TestController" name="TestCaseController" time="1086.650">
    <error message="Cannot invoke &quot;String.contains(java.lang.CharSequence)&quot; because &quot;TSStatus&quot; is null" type="java.lang.NullPointerException">
      <![CDATA[java.lang.NullPointerException: Cannot invoke "String.contains(java.lang.CharSequence)" because "TSStatus" is null
at testController.TestController.TestCaseController(TestController.java:92)
at java.base/jdk.internal.reflect.NativeMethodAccessorImpl.invoke0(Native Method)
at java.base/jdk.internal.reflect.NativeMethodAccessorImpl.invoke(NativeMethodAccessorImpl.java:77)
at java.base/jdk.internal.reflect.DelegatingMethodAccessorImpl.invoke(DelegatingMethodAccessorImpl.java:43)
at java.base/java.lang.reflect.Method.invoke(Method.java:568)
at org.testng.internal.invokers.MethodInvocationHelper.invokeMethod(MethodInvocationHelper.java:139)
at org.testng.internal.invokers.TestInvoker.invokeMethod(TestInvoker.java:664)
at org.testng.internal.invokers.TestInvoker.invokeTestMethod(TestInvoker.java:227)
at org.testng.internal.invokers.MethodRunner.runInSequence(MethodRunner.java:50)
at org.testng.internal.invokers.TestInvoker$MethodInvocationAgent.invoke(TestInvoker.java:957)
at org.testng.internal.invokers.TestInvoker.invokeTestMethods(TestInvoker.java:200)
at org.testng.internal.invokers.TestMethodWorker.invokeTestMethods(TestMethodWorker.java:148)
at org.testng.internal.invokers.TestMethodWorker.run(TestMethodWorker.java:128)
at java.base/java.util.ArrayList.forEach(ArrayList.java:1511)
at org.testng.TestRunner.privateRun(TestRunner.java:848)
at org.testng.TestRunner.run(TestRunner.java:621)
at org.testng.SuiteRunner.runTest(SuiteRunner.java:443)
at org.testng.SuiteRunner.runSequentially(SuiteRunner.java:437)
at org.testng.SuiteRunner.privateRun(SuiteRunner.java:397)
at org.testng.SuiteRunner.run(SuiteRunner.java:336)
at org.testng.SuiteRunnerWorker.runSuite(SuiteRunnerWorker.java:52)
at org.testng.SuiteRunnerWorker.run(SuiteRunnerWorker.java:95)
at org.testng.TestNG.runSuitesSequentially(TestNG.java:1280)
at org.testng.TestNG.runSuitesLocally(TestNG.java:1200)
at org.testng.TestNG.runSuites(TestNG.java:1114)
at org.testng.TestNG.run(TestNG.java:1082)
at org.testng.remote.AbstractRemoteTestNG.run(AbstractRemoteTestNG.java:115)
at org.testng.remote.RemoteTestNG.initAndRun(RemoteTestNG.java:251)
at org.testng.remote.RemoteTestNG.main(RemoteTestNG.java:77)
]]>
    </error>
    <system-out>
      <![CDATA[captureScreen method called
<a href='C:\Users\yashi.agrawal\Downloads\LifeSpeed_Stability (1)\LifeSpeed_Stability\src\test\java\screenshot\TC01[1]inputText_22_05_2024_06_19_30.png'><img src='C:\Users\yashi.agrawal\Downloads\LifeSpeed_Stability (1)\LifeSpeed_Stability\src\test\java\screenshot\TC01[1]inputText_22_05_2024_06_19_30.png'height='100' width='100'/></a>
captureScreen method called
<a href='C:\Users\yashi.agrawal\Downloads\LifeSpeed_Stability (1)\LifeSpeed_Stability\src\test\java\screenshot\TC01[1]inputText_22_05_2024_06_20_26.png'><img src='C:\Users\yashi.agrawal\Downloads\LifeSpeed_Stability (1)\LifeSpeed_Stability\src\test\java\screenshot\TC01[1]inputText_22_05_2024_06_20_26.png'height='100' width='100'/></a>
captureScreen method called
<a href='C:\Users\yashi.agrawal\Downloads\LifeSpeed_Stability (1)\LifeSpeed_Stability\src\test\java\screenshot\TC01[1]DateSelection_22_05_2024_06_22_39.png'><img src='C:\Users\yashi.agrawal\Downloads\LifeSpeed_Stability (1)\LifeSpeed_Stability\src\test\java\screenshot\TC01[1]DateSelection_22_05_2024_06_22_39.png'height='100' width='100'/></a>
captureScreen method called
<a href='C:\Users\yashi.agrawal\Downloads\LifeSpeed_Stability (1)\LifeSpeed_Stability\src\test\java\screenshot\TC01[1]inputText_22_05_2024_06_24_14.png'><img src='C:\Users\yashi.agrawal\Downloads\LifeSpeed_Stability (1)\LifeSpeed_Stability\src\test\java\screenshot\TC01[1]inputText_22_05_2024_06_24_14.png'height='100' width='100'/></a>
captureScreen method called
<a href='C:\Users\yashi.agrawal\Downloads\LifeSpeed_Stability (1)\LifeSpeed_Stability\src\test\java\screenshot\TC01[1]inputText_22_05_2024_06_25_05.png'><img src='C:\Users\yashi.agrawal\Downloads\LifeSpeed_Stability (1)\LifeSpeed_Stability\src\test\java\screenshot\TC01[1]inputText_22_05_2024_06_25_05.png'height='100' width='100'/></a>
captureScreen method called
<a href='C:\Users\yashi.agrawal\Downloads\LifeSpeed_Stability (1)\LifeSpeed_Stability\src\test\java\screenshot\TC01[1]verifyText_22_05_2024_06_27_49.png'><img src='C:\Users\yashi.agrawal\Downloads\LifeSpeed_Stability (1)\LifeSpeed_Stability\src\test\java\screenshot\TC01[1]verifyText_22_05_2024_06_27_49.png'height='100' width='100'/></a>]]>
    </system-out>
  </testcase> <!-- TestCaseController -->
  <system-out>
    <![CDATA[captureScreen method called
<a href='C:\Users\yashi.agrawal\Downloads\LifeSpeed_Stability (1)\LifeSpeed_Stability\src\test\java\screenshot\TC01[1]inputText_22_05_2024_06_19_30.png'><img src='C:\Users\yashi.agrawal\Downloads\LifeSpeed_Stability (1)\LifeSpeed_Stability\src\test\java\screenshot\TC01[1]inputText_22_05_2024_06_19_30.png'height='100' width='100'/></a>
captureScreen method called
<a href='C:\Users\yashi.agrawal\Downloads\LifeSpeed_Stability (1)\LifeSpeed_Stability\src\test\java\screenshot\TC01[1]inputText_22_05_2024_06_20_26.png'><img src='C:\Users\yashi.agrawal\Downloads\LifeSpeed_Stability (1)\LifeSpeed_Stability\src\test\java\screenshot\TC01[1]inputText_22_05_2024_06_20_26.png'height='100' width='100'/></a>
captureScreen method called
<a href='C:\Users\yashi.agrawal\Downloads\LifeSpeed_Stability (1)\LifeSpeed_Stability\src\test\java\screenshot\TC01[1]DateSelection_22_05_2024_06_22_39.png'><img src='C:\Users\yashi.agrawal\Downloads\LifeSpeed_Stability (1)\LifeSpeed_Stability\src\test\java\screenshot\TC01[1]DateSelection_22_05_2024_06_22_39.png'height='100' width='100'/></a>
captureScreen method called
<a href='C:\Users\yashi.agrawal\Downloads\LifeSpeed_Stability (1)\LifeSpeed_Stability\src\test\java\screenshot\TC01[1]inputText_22_05_2024_06_24_14.png'><img src='C:\Users\yashi.agrawal\Downloads\LifeSpeed_Stability (1)\LifeSpeed_Stability\src\test\java\screenshot\TC01[1]inputText_22_05_2024_06_24_14.png'height='100' width='100'/></a>
captureScreen method called
<a href='C:\Users\yashi.agrawal\Downloads\LifeSpeed_Stability (1)\LifeSpeed_Stability\src\test\java\screenshot\TC01[1]inputText_22_05_2024_06_25_05.png'><img src='C:\Users\yashi.agrawal\Downloads\LifeSpeed_Stability (1)\LifeSpeed_Stability\src\test\java\screenshot\TC01[1]inputText_22_05_2024_06_25_05.png'height='100' width='100'/></a>
captureScreen method called
<a href='C:\Users\yashi.agrawal\Downloads\LifeSpeed_Stability (1)\LifeSpeed_Stability\src\test\java\screenshot\TC01[1]verifyText_22_05_2024_06_27_49.png'><img src='C:\Users\yashi.agrawal\Downloads\LifeSpeed_Stability (1)\LifeSpeed_Stability\src\test\java\screenshot\TC01[1]verifyText_22_05_2024_06_27_49.png'height='100' width='100'/></a>]]>
  </system-out>
</testsuite> <!-- testController.TestController -->
