<?xml version="1.0" encoding="UTF-8"?>
<!-- Generated by org.testng.reporters.JUnitReportReporter -->
<testsuite hostname="4N30FV2" failures="0" tests="1" name="testController.TestController" time="822.542" errors="1" timestamp="2024-11-20T15:51:04 IST" skipped="0">
  <testcase classname="testController.TestController" name="TestCaseController" time="822.542">
    <error type="java.lang.reflect.InvocationTargetException">
      <![CDATA[java.lang.reflect.InvocationTargetException
at java.base/jdk.internal.reflect.NativeMethodAccessorImpl.invoke0(Native Method)
at java.base/jdk.internal.reflect.NativeMethodAccessorImpl.invoke(NativeMethodAccessorImpl.java:77)
at java.base/jdk.internal.reflect.DelegatingMethodAccessorImpl.invoke(DelegatingMethodAccessorImpl.java:43)
at java.base/java.lang.reflect.Method.invoke(Method.java:568)
at testController.TestController.TestCaseController(TestController.java:96)
at java.base/jdk.internal.reflect.NativeMethodAccessorImpl.invoke0(Native Method)
at java.base/jdk.internal.reflect.NativeMethodAccessorImpl.invoke(NativeMethodAccessorImpl.java:77)
at java.base/jdk.internal.reflect.DelegatingMethodAccessorImpl.invoke(DelegatingMethodAccessorImpl.java:43)
at java.base/java.lang.reflect.Method.invoke(Method.java:568)
at org.testng.internal.invokers.MethodInvocationHelper.invokeMethod(MethodInvocationHelper.java:141)
at org.testng.internal.invokers.TestInvoker.invokeMethod(TestInvoker.java:686)
at org.testng.internal.invokers.TestInvoker.invokeTestMethod(TestInvoker.java:230)
at org.testng.internal.invokers.MethodRunner.runInSequence(MethodRunner.java:63)
at org.testng.internal.invokers.TestInvoker$MethodInvocationAgent.invoke(TestInvoker.java:992)
at org.testng.internal.invokers.TestInvoker.invokeTestMethods(TestInvoker.java:203)
at org.testng.internal.invokers.TestMethodWorker.invokeTestMethods(TestMethodWorker.java:154)
at org.testng.internal.invokers.TestMethodWorker.run(TestMethodWorker.java:134)
at java.base/java.util.concurrent.Executors$RunnableAdapter.call(Executors.java:539)
at java.base/java.util.concurrent.FutureTask.run(FutureTask.java:264)
at org.testng.internal.thread.graph.TestNGFutureTask.run(TestNGFutureTask.java:22)
at java.base/java.util.concurrent.ThreadPoolExecutor.runWorker(ThreadPoolExecutor.java:1136)
at java.base/java.util.concurrent.ThreadPoolExecutor$Worker.run(ThreadPoolExecutor.java:635)
at java.base/java.lang.Thread.run(Thread.java:840)
Caused by: java.lang.NullPointerException
at java.base/java.util.Objects.requireNonNull(Objects.java:209)
at java.base/java.util.ImmutableCollections$Map1.<init>(ImmutableCollections.java:1105)
at java.base/java.util.Map.of(Map.java:1353)
at org.openqa.selenium.remote.DriverCommand.SWITCH_TO_WINDOW(DriverCommand.java:255)
at org.openqa.selenium.remote.RemoteWebDriver$RemoteTargetLocator.window(RemoteWebDriver.java:1119)
at keywords.Keywords.switchToParentWindow(Keywords.java:470)
... 23 more
]]>
    </error>
    <system-out>
      <![CDATA[captureScreen method called
<a href='C:\Users\agraway\Desktop\LifeSpeed-mainy\LifeSpeed-main\src\test\java\screenshot\TC33[1]clickRadioButton_20_11_2024_03_38_52.png'><img src='C:\Users\agraway\Desktop\LifeSpeed-mainy\LifeSpeed-main\src\test\java\screenshot\TC33[1]clickRadioButton_20_11_2024_03_38_52.png'height='100' width='100'/></a>
captureScreen method called
<a href='C:\Users\agraway\Desktop\LifeSpeed-mainy\LifeSpeed-main\src\test\java\screenshot\TC33[1]selectByVisibleText_20_11_2024_03_40_38.png'><img src='C:\Users\agraway\Desktop\LifeSpeed-mainy\LifeSpeed-main\src\test\java\screenshot\TC33[1]selectByVisibleText_20_11_2024_03_40_38.png'height='100' width='100'/></a>
captureScreen method called
<a href='C:\Users\agraway\Desktop\LifeSpeed-mainy\LifeSpeed-main\src\test\java\screenshot\TC33[1]inputText_20_11_2024_03_41_48.png'><img src='C:\Users\agraway\Desktop\LifeSpeed-mainy\LifeSpeed-main\src\test\java\screenshot\TC33[1]inputText_20_11_2024_03_41_48.png'height='100' width='100'/></a>
captureScreen method called
<a href='C:\Users\agraway\Desktop\LifeSpeed-mainy\LifeSpeed-main\src\test\java\screenshot\TC33[1]inputText_20_11_2024_03_41_58.png'><img src='C:\Users\agraway\Desktop\LifeSpeed-mainy\LifeSpeed-main\src\test\java\screenshot\TC33[1]inputText_20_11_2024_03_41_58.png'height='100' width='100'/></a>
captureScreen method called
<a href='C:\Users\agraway\Desktop\LifeSpeed-mainy\LifeSpeed-main\src\test\java\screenshot\TC33[1]clickRadioButton_20_11_2024_03_42_49.png'><img src='C:\Users\agraway\Desktop\LifeSpeed-mainy\LifeSpeed-main\src\test\java\screenshot\TC33[1]clickRadioButton_20_11_2024_03_42_49.png'height='100' width='100'/></a>
captureScreen method called
<a href='C:\Users\agraway\Desktop\LifeSpeed-mainy\LifeSpeed-main\src\test\java\screenshot\TC33[1]selectByVisibleText_20_11_2024_03_43_44.png'><img src='C:\Users\agraway\Desktop\LifeSpeed-mainy\LifeSpeed-main\src\test\java\screenshot\TC33[1]selectByVisibleText_20_11_2024_03_43_44.png'height='100' width='100'/></a>
captureScreen method called
<a href='C:\Users\agraway\Desktop\LifeSpeed-mainy\LifeSpeed-main\src\test\java\screenshot\TC33[1]selectByVisibleText_20_11_2024_03_44_39.png'><img src='C:\Users\agraway\Desktop\LifeSpeed-mainy\LifeSpeed-main\src\test\java\screenshot\TC33[1]selectByVisibleText_20_11_2024_03_44_39.png'height='100' width='100'/></a>
captureScreen method called
<a href='C:\Users\agraway\Desktop\LifeSpeed-mainy\LifeSpeed-main\src\test\java\screenshot\TC33[1]clickRadioButton_20_11_2024_03_45_12.png'><img src='C:\Users\agraway\Desktop\LifeSpeed-mainy\LifeSpeed-main\src\test\java\screenshot\TC33[1]clickRadioButton_20_11_2024_03_45_12.png'height='100' width='100'/></a>
captureScreen method called
<a href='C:\Users\agraway\Desktop\LifeSpeed-mainy\LifeSpeed-main\src\test\java\screenshot\TC33[1]clickRadioButton_20_11_2024_03_45_22.png'><img src='C:\Users\agraway\Desktop\LifeSpeed-mainy\LifeSpeed-main\src\test\java\screenshot\TC33[1]clickRadioButton_20_11_2024_03_45_22.png'height='100' width='100'/></a>
captureScreen method called
<a href='C:\Users\agraway\Desktop\LifeSpeed-mainy\LifeSpeed-main\src\test\java\screenshot\TC33[1]clickRadioButton_20_11_2024_03_45_35.png'><img src='C:\Users\agraway\Desktop\LifeSpeed-mainy\LifeSpeed-main\src\test\java\screenshot\TC33[1]clickRadioButton_20_11_2024_03_45_35.png'height='100' width='100'/></a>
captureScreen method called
<a href='C:\Users\agraway\Desktop\LifeSpeed-mainy\LifeSpeed-main\src\test\java\screenshot\TC33[1]clickRadioButton_20_11_2024_03_45_45.png'><img src='C:\Users\agraway\Desktop\LifeSpeed-mainy\LifeSpeed-main\src\test\java\screenshot\TC33[1]clickRadioButton_20_11_2024_03_45_45.png'height='100' width='100'/></a>
captureScreen method called
<a href='C:\Users\agraway\Desktop\LifeSpeed-mainy\LifeSpeed-main\src\test\java\screenshot\TC33[1]inputText_20_11_2024_03_47_17.png'><img src='C:\Users\agraway\Desktop\LifeSpeed-mainy\LifeSpeed-main\src\test\java\screenshot\TC33[1]inputText_20_11_2024_03_47_17.png'height='100' width='100'/></a>
captureScreen method called
<a href='C:\Users\agraway\Desktop\LifeSpeed-mainy\LifeSpeed-main\src\test\java\screenshot\TC33[1]inputText_20_11_2024_03_48_07.png'><img src='C:\Users\agraway\Desktop\LifeSpeed-mainy\LifeSpeed-main\src\test\java\screenshot\TC33[1]inputText_20_11_2024_03_48_07.png'height='100' width='100'/></a>
captureScreen method called
<a href='C:\Users\agraway\Desktop\LifeSpeed-mainy\LifeSpeed-main\src\test\java\screenshot\TC33[1]inputText_20_11_2024_03_48_57.png'><img src='C:\Users\agraway\Desktop\LifeSpeed-mainy\LifeSpeed-main\src\test\java\screenshot\TC33[1]inputText_20_11_2024_03_48_57.png'height='100' width='100'/></a>
captureScreen method called
<a href='C:\Users\agraway\Desktop\LifeSpeed-mainy\LifeSpeed-main\src\test\java\screenshot\TC33[1]clickOnLink_20_11_2024_03_49_24.png'><img src='C:\Users\agraway\Desktop\LifeSpeed-mainy\LifeSpeed-main\src\test\java\screenshot\TC33[1]clickOnLink_20_11_2024_03_49_24.png'height='100' width='100'/></a>
captureScreen method called
<a href='C:\Users\agraway\Desktop\LifeSpeed-mainy\LifeSpeed-main\src\test\java\screenshot\TC33[1]clickOnLink_20_11_2024_03_49_40.png'><img src='C:\Users\agraway\Desktop\LifeSpeed-mainy\LifeSpeed-main\src\test\java\screenshot\TC33[1]clickOnLink_20_11_2024_03_49_40.png'height='100' width='100'/></a>
captureScreen method called
<a href='C:\Users\agraway\Desktop\LifeSpeed-mainy\LifeSpeed-main\src\test\java\screenshot\TC33[1]clickOnLink_20_11_2024_03_50_06.png'><img src='C:\Users\agraway\Desktop\LifeSpeed-mainy\LifeSpeed-main\src\test\java\screenshot\TC33[1]clickOnLink_20_11_2024_03_50_06.png'height='100' width='100'/></a>
captureScreen method called
<a href='C:\Users\agraway\Desktop\LifeSpeed-mainy\LifeSpeed-main\src\test\java\screenshot\TC33[1]clickOnLink_20_11_2024_03_50_32.png'><img src='C:\Users\agraway\Desktop\LifeSpeed-mainy\LifeSpeed-main\src\test\java\screenshot\TC33[1]clickOnLink_20_11_2024_03_50_32.png'height='100' width='100'/></a>]]>
    </system-out>
  </testcase> <!-- TestCaseController -->
  <system-out>
    <![CDATA[captureScreen method called
<a href='C:\Users\agraway\Desktop\LifeSpeed-mainy\LifeSpeed-main\src\test\java\screenshot\TC33[1]clickRadioButton_20_11_2024_03_38_52.png'><img src='C:\Users\agraway\Desktop\LifeSpeed-mainy\LifeSpeed-main\src\test\java\screenshot\TC33[1]clickRadioButton_20_11_2024_03_38_52.png'height='100' width='100'/></a>
captureScreen method called
<a href='C:\Users\agraway\Desktop\LifeSpeed-mainy\LifeSpeed-main\src\test\java\screenshot\TC33[1]selectByVisibleText_20_11_2024_03_40_38.png'><img src='C:\Users\agraway\Desktop\LifeSpeed-mainy\LifeSpeed-main\src\test\java\screenshot\TC33[1]selectByVisibleText_20_11_2024_03_40_38.png'height='100' width='100'/></a>
captureScreen method called
<a href='C:\Users\agraway\Desktop\LifeSpeed-mainy\LifeSpeed-main\src\test\java\screenshot\TC33[1]inputText_20_11_2024_03_41_48.png'><img src='C:\Users\agraway\Desktop\LifeSpeed-mainy\LifeSpeed-main\src\test\java\screenshot\TC33[1]inputText_20_11_2024_03_41_48.png'height='100' width='100'/></a>
captureScreen method called
<a href='C:\Users\agraway\Desktop\LifeSpeed-mainy\LifeSpeed-main\src\test\java\screenshot\TC33[1]inputText_20_11_2024_03_41_58.png'><img src='C:\Users\agraway\Desktop\LifeSpeed-mainy\LifeSpeed-main\src\test\java\screenshot\TC33[1]inputText_20_11_2024_03_41_58.png'height='100' width='100'/></a>
captureScreen method called
<a href='C:\Users\agraway\Desktop\LifeSpeed-mainy\LifeSpeed-main\src\test\java\screenshot\TC33[1]clickRadioButton_20_11_2024_03_42_49.png'><img src='C:\Users\agraway\Desktop\LifeSpeed-mainy\LifeSpeed-main\src\test\java\screenshot\TC33[1]clickRadioButton_20_11_2024_03_42_49.png'height='100' width='100'/></a>
captureScreen method called
<a href='C:\Users\agraway\Desktop\LifeSpeed-mainy\LifeSpeed-main\src\test\java\screenshot\TC33[1]selectByVisibleText_20_11_2024_03_43_44.png'><img src='C:\Users\agraway\Desktop\LifeSpeed-mainy\LifeSpeed-main\src\test\java\screenshot\TC33[1]selectByVisibleText_20_11_2024_03_43_44.png'height='100' width='100'/></a>
captureScreen method called
<a href='C:\Users\agraway\Desktop\LifeSpeed-mainy\LifeSpeed-main\src\test\java\screenshot\TC33[1]selectByVisibleText_20_11_2024_03_44_39.png'><img src='C:\Users\agraway\Desktop\LifeSpeed-mainy\LifeSpeed-main\src\test\java\screenshot\TC33[1]selectByVisibleText_20_11_2024_03_44_39.png'height='100' width='100'/></a>
captureScreen method called
<a href='C:\Users\agraway\Desktop\LifeSpeed-mainy\LifeSpeed-main\src\test\java\screenshot\TC33[1]clickRadioButton_20_11_2024_03_45_12.png'><img src='C:\Users\agraway\Desktop\LifeSpeed-mainy\LifeSpeed-main\src\test\java\screenshot\TC33[1]clickRadioButton_20_11_2024_03_45_12.png'height='100' width='100'/></a>
captureScreen method called
<a href='C:\Users\agraway\Desktop\LifeSpeed-mainy\LifeSpeed-main\src\test\java\screenshot\TC33[1]clickRadioButton_20_11_2024_03_45_22.png'><img src='C:\Users\agraway\Desktop\LifeSpeed-mainy\LifeSpeed-main\src\test\java\screenshot\TC33[1]clickRadioButton_20_11_2024_03_45_22.png'height='100' width='100'/></a>
captureScreen method called
<a href='C:\Users\agraway\Desktop\LifeSpeed-mainy\LifeSpeed-main\src\test\java\screenshot\TC33[1]clickRadioButton_20_11_2024_03_45_35.png'><img src='C:\Users\agraway\Desktop\LifeSpeed-mainy\LifeSpeed-main\src\test\java\screenshot\TC33[1]clickRadioButton_20_11_2024_03_45_35.png'height='100' width='100'/></a>
captureScreen method called
<a href='C:\Users\agraway\Desktop\LifeSpeed-mainy\LifeSpeed-main\src\test\java\screenshot\TC33[1]clickRadioButton_20_11_2024_03_45_45.png'><img src='C:\Users\agraway\Desktop\LifeSpeed-mainy\LifeSpeed-main\src\test\java\screenshot\TC33[1]clickRadioButton_20_11_2024_03_45_45.png'height='100' width='100'/></a>
captureScreen method called
<a href='C:\Users\agraway\Desktop\LifeSpeed-mainy\LifeSpeed-main\src\test\java\screenshot\TC33[1]inputText_20_11_2024_03_47_17.png'><img src='C:\Users\agraway\Desktop\LifeSpeed-mainy\LifeSpeed-main\src\test\java\screenshot\TC33[1]inputText_20_11_2024_03_47_17.png'height='100' width='100'/></a>
captureScreen method called
<a href='C:\Users\agraway\Desktop\LifeSpeed-mainy\LifeSpeed-main\src\test\java\screenshot\TC33[1]inputText_20_11_2024_03_48_07.png'><img src='C:\Users\agraway\Desktop\LifeSpeed-mainy\LifeSpeed-main\src\test\java\screenshot\TC33[1]inputText_20_11_2024_03_48_07.png'height='100' width='100'/></a>
captureScreen method called
<a href='C:\Users\agraway\Desktop\LifeSpeed-mainy\LifeSpeed-main\src\test\java\screenshot\TC33[1]inputText_20_11_2024_03_48_57.png'><img src='C:\Users\agraway\Desktop\LifeSpeed-mainy\LifeSpeed-main\src\test\java\screenshot\TC33[1]inputText_20_11_2024_03_48_57.png'height='100' width='100'/></a>
captureScreen method called
<a href='C:\Users\agraway\Desktop\LifeSpeed-mainy\LifeSpeed-main\src\test\java\screenshot\TC33[1]clickOnLink_20_11_2024_03_49_24.png'><img src='C:\Users\agraway\Desktop\LifeSpeed-mainy\LifeSpeed-main\src\test\java\screenshot\TC33[1]clickOnLink_20_11_2024_03_49_24.png'height='100' width='100'/></a>
captureScreen method called
<a href='C:\Users\agraway\Desktop\LifeSpeed-mainy\LifeSpeed-main\src\test\java\screenshot\TC33[1]clickOnLink_20_11_2024_03_49_40.png'><img src='C:\Users\agraway\Desktop\LifeSpeed-mainy\LifeSpeed-main\src\test\java\screenshot\TC33[1]clickOnLink_20_11_2024_03_49_40.png'height='100' width='100'/></a>
captureScreen method called
<a href='C:\Users\agraway\Desktop\LifeSpeed-mainy\LifeSpeed-main\src\test\java\screenshot\TC33[1]clickOnLink_20_11_2024_03_50_06.png'><img src='C:\Users\agraway\Desktop\LifeSpeed-mainy\LifeSpeed-main\src\test\java\screenshot\TC33[1]clickOnLink_20_11_2024_03_50_06.png'height='100' width='100'/></a>
captureScreen method called
<a href='C:\Users\agraway\Desktop\LifeSpeed-mainy\LifeSpeed-main\src\test\java\screenshot\TC33[1]clickOnLink_20_11_2024_03_50_32.png'><img src='C:\Users\agraway\Desktop\LifeSpeed-mainy\LifeSpeed-main\src\test\java\screenshot\TC33[1]clickOnLink_20_11_2024_03_50_32.png'height='100' width='100'/></a>]]>
  </system-out>
</testsuite> <!-- testController.TestController -->
