<?xml version="1.0" encoding="UTF-8"?>
<!-- Generated by org.testng.reporters.JUnitReportReporter -->
<testsuite hostname="NOIANJUACER" failures="0" tests="1" name="testController.TestController" time="1164.728" errors="0" timestamp="2024-04-03T17:56:34 IST" skipped="0">
  <testcase classname="testController.TestController" name="TestCaseController" time="1164.728">
    <system-out>
      <![CDATA[captureScreen method called
<a href='C:\Users\yashi.agrawal\Downloads\LifeSpeed_Stability (1)\LifeSpeed_Stability\src\test\java\screenshot\TC10[1]inputText_03_04_2024_05_40_36.png'><img src='C:\Users\yashi.agrawal\Downloads\LifeSpeed_Stability (1)\LifeSpeed_Stability\src\test\java\screenshot\TC10[1]inputText_03_04_2024_05_40_36.png'height='100' width='100'/></a>
captureScreen method called
<a href='C:\Users\yashi.agrawal\Downloads\LifeSpeed_Stability (1)\LifeSpeed_Stability\src\test\java\screenshot\TC10[1]inputText_03_04_2024_05_41_35.png'><img src='C:\Users\yashi.agrawal\Downloads\LifeSpeed_Stability (1)\LifeSpeed_Stability\src\test\java\screenshot\TC10[1]inputText_03_04_2024_05_41_35.png'height='100' width='100'/></a>
captureScreen method called
<a href='C:\Users\yashi.agrawal\Downloads\LifeSpeed_Stability (1)\LifeSpeed_Stability\src\test\java\screenshot\TC10[1]inputText_03_04_2024_05_45_14.png'><img src='C:\Users\yashi.agrawal\Downloads\LifeSpeed_Stability (1)\LifeSpeed_Stability\src\test\java\screenshot\TC10[1]inputText_03_04_2024_05_45_14.png'height='100' width='100'/></a>
captureScreen method called
<a href='C:\Users\yashi.agrawal\Downloads\LifeSpeed_Stability (1)\LifeSpeed_Stability\src\test\java\screenshot\TC10[1]inputText_03_04_2024_05_46_04.png'><img src='C:\Users\yashi.agrawal\Downloads\LifeSpeed_Stability (1)\LifeSpeed_Stability\src\test\java\screenshot\TC10[1]inputText_03_04_2024_05_46_04.png'height='100' width='100'/></a>
captureScreen method called
<a href='C:\Users\yashi.agrawal\Downloads\LifeSpeed_Stability (1)\LifeSpeed_Stability\src\test\java\screenshot\TC10[1]verifyText_03_04_2024_05_48_45.png'><img src='C:\Users\yashi.agrawal\Downloads\LifeSpeed_Stability (1)\LifeSpeed_Stability\src\test\java\screenshot\TC10[1]verifyText_03_04_2024_05_48_45.png'height='100' width='100'/></a>
captureScreen method called
<a href='C:\Users\yashi.agrawal\Downloads\LifeSpeed_Stability (1)\LifeSpeed_Stability\src\test\java\screenshot\TC10[1]clickOnLink_03_04_2024_05_54_31.png'><img src='C:\Users\yashi.agrawal\Downloads\LifeSpeed_Stability (1)\LifeSpeed_Stability\src\test\java\screenshot\TC10[1]clickOnLink_03_04_2024_05_54_31.png'height='100' width='100'/></a>
captureScreen method called
<a href='C:\Users\yashi.agrawal\Downloads\LifeSpeed_Stability (1)\LifeSpeed_Stability\src\test\java\screenshot\TC10[1]clickOnLink_03_04_2024_05_54_47.png'><img src='C:\Users\yashi.agrawal\Downloads\LifeSpeed_Stability (1)\LifeSpeed_Stability\src\test\java\screenshot\TC10[1]clickOnLink_03_04_2024_05_54_47.png'height='100' width='100'/></a>
captureScreen method called
<a href='C:\Users\yashi.agrawal\Downloads\LifeSpeed_Stability (1)\LifeSpeed_Stability\src\test\java\screenshot\TC10[1]selectByVisibleText_03_04_2024_05_54_57.png'><img src='C:\Users\yashi.agrawal\Downloads\LifeSpeed_Stability (1)\LifeSpeed_Stability\src\test\java\screenshot\TC10[1]selectByVisibleText_03_04_2024_05_54_57.png'height='100' width='100'/></a>
captureScreen method called
<a href='C:\Users\yashi.agrawal\Downloads\LifeSpeed_Stability (1)\LifeSpeed_Stability\src\test\java\screenshot\TC10[1]clickOnLink_03_04_2024_05_55_24.png'><img src='C:\Users\yashi.agrawal\Downloads\LifeSpeed_Stability (1)\LifeSpeed_Stability\src\test\java\screenshot\TC10[1]clickOnLink_03_04_2024_05_55_24.png'height='100' width='100'/></a>
captureScreen method called
<a href='C:\Users\yashi.agrawal\Downloads\LifeSpeed_Stability (1)\LifeSpeed_Stability\src\test\java\screenshot\TC10[1]clickOnLink_03_04_2024_05_55_50.png'><img src='C:\Users\yashi.agrawal\Downloads\LifeSpeed_Stability (1)\LifeSpeed_Stability\src\test\java\screenshot\TC10[1]clickOnLink_03_04_2024_05_55_50.png'height='100' width='100'/></a>]]>
    </system-out>
  </testcase> <!-- TestCaseController -->
  <system-out>
    <![CDATA[captureScreen method called
<a href='C:\Users\yashi.agrawal\Downloads\LifeSpeed_Stability (1)\LifeSpeed_Stability\src\test\java\screenshot\TC10[1]inputText_03_04_2024_05_40_36.png'><img src='C:\Users\yashi.agrawal\Downloads\LifeSpeed_Stability (1)\LifeSpeed_Stability\src\test\java\screenshot\TC10[1]inputText_03_04_2024_05_40_36.png'height='100' width='100'/></a>
captureScreen method called
<a href='C:\Users\yashi.agrawal\Downloads\LifeSpeed_Stability (1)\LifeSpeed_Stability\src\test\java\screenshot\TC10[1]inputText_03_04_2024_05_41_35.png'><img src='C:\Users\yashi.agrawal\Downloads\LifeSpeed_Stability (1)\LifeSpeed_Stability\src\test\java\screenshot\TC10[1]inputText_03_04_2024_05_41_35.png'height='100' width='100'/></a>
captureScreen method called
<a href='C:\Users\yashi.agrawal\Downloads\LifeSpeed_Stability (1)\LifeSpeed_Stability\src\test\java\screenshot\TC10[1]inputText_03_04_2024_05_45_14.png'><img src='C:\Users\yashi.agrawal\Downloads\LifeSpeed_Stability (1)\LifeSpeed_Stability\src\test\java\screenshot\TC10[1]inputText_03_04_2024_05_45_14.png'height='100' width='100'/></a>
captureScreen method called
<a href='C:\Users\yashi.agrawal\Downloads\LifeSpeed_Stability (1)\LifeSpeed_Stability\src\test\java\screenshot\TC10[1]inputText_03_04_2024_05_46_04.png'><img src='C:\Users\yashi.agrawal\Downloads\LifeSpeed_Stability (1)\LifeSpeed_Stability\src\test\java\screenshot\TC10[1]inputText_03_04_2024_05_46_04.png'height='100' width='100'/></a>
captureScreen method called
<a href='C:\Users\yashi.agrawal\Downloads\LifeSpeed_Stability (1)\LifeSpeed_Stability\src\test\java\screenshot\TC10[1]verifyText_03_04_2024_05_48_45.png'><img src='C:\Users\yashi.agrawal\Downloads\LifeSpeed_Stability (1)\LifeSpeed_Stability\src\test\java\screenshot\TC10[1]verifyText_03_04_2024_05_48_45.png'height='100' width='100'/></a>
captureScreen method called
<a href='C:\Users\yashi.agrawal\Downloads\LifeSpeed_Stability (1)\LifeSpeed_Stability\src\test\java\screenshot\TC10[1]clickOnLink_03_04_2024_05_54_31.png'><img src='C:\Users\yashi.agrawal\Downloads\LifeSpeed_Stability (1)\LifeSpeed_Stability\src\test\java\screenshot\TC10[1]clickOnLink_03_04_2024_05_54_31.png'height='100' width='100'/></a>
captureScreen method called
<a href='C:\Users\yashi.agrawal\Downloads\LifeSpeed_Stability (1)\LifeSpeed_Stability\src\test\java\screenshot\TC10[1]clickOnLink_03_04_2024_05_54_47.png'><img src='C:\Users\yashi.agrawal\Downloads\LifeSpeed_Stability (1)\LifeSpeed_Stability\src\test\java\screenshot\TC10[1]clickOnLink_03_04_2024_05_54_47.png'height='100' width='100'/></a>
captureScreen method called
<a href='C:\Users\yashi.agrawal\Downloads\LifeSpeed_Stability (1)\LifeSpeed_Stability\src\test\java\screenshot\TC10[1]selectByVisibleText_03_04_2024_05_54_57.png'><img src='C:\Users\yashi.agrawal\Downloads\LifeSpeed_Stability (1)\LifeSpeed_Stability\src\test\java\screenshot\TC10[1]selectByVisibleText_03_04_2024_05_54_57.png'height='100' width='100'/></a>
captureScreen method called
<a href='C:\Users\yashi.agrawal\Downloads\LifeSpeed_Stability (1)\LifeSpeed_Stability\src\test\java\screenshot\TC10[1]clickOnLink_03_04_2024_05_55_24.png'><img src='C:\Users\yashi.agrawal\Downloads\LifeSpeed_Stability (1)\LifeSpeed_Stability\src\test\java\screenshot\TC10[1]clickOnLink_03_04_2024_05_55_24.png'height='100' width='100'/></a>
captureScreen method called
<a href='C:\Users\yashi.agrawal\Downloads\LifeSpeed_Stability (1)\LifeSpeed_Stability\src\test\java\screenshot\TC10[1]clickOnLink_03_04_2024_05_55_50.png'><img src='C:\Users\yashi.agrawal\Downloads\LifeSpeed_Stability (1)\LifeSpeed_Stability\src\test\java\screenshot\TC10[1]clickOnLink_03_04_2024_05_55_50.png'height='100' width='100'/></a>]]>
  </system-out>
</testsuite> <!-- testController.TestController -->
