<?xml version="1.0" encoding="UTF-8"?>
<!-- Generated by org.testng.reporters.JUnitReportReporter -->
<testsuite hostname="4N30FV2" failures="0" tests="1" name="testController.TestController" time="5095.885" errors="0" timestamp="2024-07-05T14:04:14 IST" skipped="0">
  <testcase classname="testController.TestController" name="TestCaseController" time="5095.885">
    <system-out>
      <![CDATA[captureScreen method called
<a href='C:\Users\agraway\Desktop\LifeSpeed-mainy\LifeSpeed-main\src\test\java\screenshot\TC23[1]inputText_05_07_2024_12_40_38.png'><img src='C:\Users\agraway\Desktop\LifeSpeed-mainy\LifeSpeed-main\src\test\java\screenshot\TC23[1]inputText_05_07_2024_12_40_38.png'height='100' width='100'/></a>
captureScreen method called
<a href='C:\Users\agraway\Desktop\LifeSpeed-mainy\LifeSpeed-main\src\test\java\screenshot\TC23[1]clickRadioButton_05_07_2024_12_41_29.png'><img src='C:\Users\agraway\Desktop\LifeSpeed-mainy\LifeSpeed-main\src\test\java\screenshot\TC23[1]clickRadioButton_05_07_2024_12_41_29.png'height='100' width='100'/></a>
captureScreen method called
<a href='C:\Users\agraway\Desktop\LifeSpeed-mainy\LifeSpeed-main\src\test\java\screenshot\TC23[1]inputText_05_07_2024_12_43_15.png'><img src='C:\Users\agraway\Desktop\LifeSpeed-mainy\LifeSpeed-main\src\test\java\screenshot\TC23[1]inputText_05_07_2024_12_43_15.png'height='100' width='100'/></a>
captureScreen method called
<a href='C:\Users\agraway\Desktop\LifeSpeed-mainy\LifeSpeed-main\src\test\java\screenshot\TC23[1]selectByVisibleText_05_07_2024_12_44_45.png'><img src='C:\Users\agraway\Desktop\LifeSpeed-mainy\LifeSpeed-main\src\test\java\screenshot\TC23[1]selectByVisibleText_05_07_2024_12_44_45.png'height='100' width='100'/></a>
captureScreen method called
<a href='C:\Users\agraway\Desktop\LifeSpeed-mainy\LifeSpeed-main\src\test\java\screenshot\TC23[1]selectByValue_05_07_2024_12_45_27.png'><img src='C:\Users\agraway\Desktop\LifeSpeed-mainy\LifeSpeed-main\src\test\java\screenshot\TC23[1]selectByValue_05_07_2024_12_45_27.png'height='100' width='100'/></a>
captureScreen method called
<a href='C:\Users\agraway\Desktop\LifeSpeed-mainy\LifeSpeed-main\src\test\java\screenshot\TC23[1]inputText_05_07_2024_12_45_44.png'><img src='C:\Users\agraway\Desktop\LifeSpeed-mainy\LifeSpeed-main\src\test\java\screenshot\TC23[1]inputText_05_07_2024_12_45_44.png'height='100' width='100'/></a>
captureScreen method called
<a href='C:\Users\agraway\Desktop\LifeSpeed-mainy\LifeSpeed-main\src\test\java\screenshot\TC23[1]inputText_05_07_2024_12_47_32.png'><img src='C:\Users\agraway\Desktop\LifeSpeed-mainy\LifeSpeed-main\src\test\java\screenshot\TC23[1]inputText_05_07_2024_12_47_32.png'height='100' width='100'/></a>
captureScreen method called
<a href='C:\Users\agraway\Desktop\LifeSpeed-mainy\LifeSpeed-main\src\test\java\screenshot\TC23[1]inputText_05_07_2024_12_48_22.png'><img src='C:\Users\agraway\Desktop\LifeSpeed-mainy\LifeSpeed-main\src\test\java\screenshot\TC23[1]inputText_05_07_2024_12_48_22.png'height='100' width='100'/></a>
captureScreen method called
<a href='C:\Users\agraway\Desktop\LifeSpeed-mainy\LifeSpeed-main\src\test\java\screenshot\TC23[1]clickOnLink_05_07_2024_12_50_24.png'><img src='C:\Users\agraway\Desktop\LifeSpeed-mainy\LifeSpeed-main\src\test\java\screenshot\TC23[1]clickOnLink_05_07_2024_12_50_24.png'height='100' width='100'/></a>
captureScreen method called
<a href='C:\Users\agraway\Desktop\LifeSpeed-mainy\LifeSpeed-main\src\test\java\screenshot\TC23[1]clickOnLink_05_07_2024_12_51_06.png'><img src='C:\Users\agraway\Desktop\LifeSpeed-mainy\LifeSpeed-main\src\test\java\screenshot\TC23[1]clickOnLink_05_07_2024_12_51_06.png'height='100' width='100'/></a>
captureScreen method called
<a href='C:\Users\agraway\Desktop\LifeSpeed-mainy\LifeSpeed-main\src\test\java\screenshot\TC23[1]clickOnLink_05_07_2024_12_51_32.png'><img src='C:\Users\agraway\Desktop\LifeSpeed-mainy\LifeSpeed-main\src\test\java\screenshot\TC23[1]clickOnLink_05_07_2024_12_51_32.png'height='100' width='100'/></a>
captureScreen method called
<a href='C:\Users\agraway\Desktop\LifeSpeed-mainy\LifeSpeed-main\src\test\java\screenshot\TC23[1]verifyText_05_07_2024_12_53_02.png'><img src='C:\Users\agraway\Desktop\LifeSpeed-mainy\LifeSpeed-main\src\test\java\screenshot\TC23[1]verifyText_05_07_2024_12_53_02.png'height='100' width='100'/></a>
captureScreen method called
<a href='C:\Users\agraway\Desktop\LifeSpeed-mainy\LifeSpeed-main\src\test\java\screenshot\TC23[1]clickOnLink_05_07_2024_12_53_31.png'><img src='C:\Users\agraway\Desktop\LifeSpeed-mainy\LifeSpeed-main\src\test\java\screenshot\TC23[1]clickOnLink_05_07_2024_12_53_31.png'height='100' width='100'/></a>
captureScreen method called
<a href='C:\Users\agraway\Desktop\LifeSpeed-mainy\LifeSpeed-main\src\test\java\screenshot\TC23[1]clickOnLink_05_07_2024_12_54_15.png'><img src='C:\Users\agraway\Desktop\LifeSpeed-mainy\LifeSpeed-main\src\test\java\screenshot\TC23[1]clickOnLink_05_07_2024_12_54_15.png'height='100' width='100'/></a>
captureScreen method called
<a href='C:\Users\agraway\Desktop\LifeSpeed-mainy\LifeSpeed-main\src\test\java\screenshot\TC23[1]clickOnLink_05_07_2024_12_58_51.png'><img src='C:\Users\agraway\Desktop\LifeSpeed-mainy\LifeSpeed-main\src\test\java\screenshot\TC23[1]clickOnLink_05_07_2024_12_58_51.png'height='100' width='100'/></a>
captureScreen method called
<a href='C:\Users\agraway\Desktop\LifeSpeed-mainy\LifeSpeed-main\src\test\java\screenshot\TC23[2]inputText_05_07_2024_01_01_50.png'><img src='C:\Users\agraway\Desktop\LifeSpeed-mainy\LifeSpeed-main\src\test\java\screenshot\TC23[2]inputText_05_07_2024_01_01_50.png'height='100' width='100'/></a>
captureScreen method called
<a href='C:\Users\agraway\Desktop\LifeSpeed-mainy\LifeSpeed-main\src\test\java\screenshot\TC23[2]clickRadioButton_05_07_2024_01_02_41.png'><img src='C:\Users\agraway\Desktop\LifeSpeed-mainy\LifeSpeed-main\src\test\java\screenshot\TC23[2]clickRadioButton_05_07_2024_01_02_41.png'height='100' width='100'/></a>
captureScreen method called
<a href='C:\Users\agraway\Desktop\LifeSpeed-mainy\LifeSpeed-main\src\test\java\screenshot\TC23[2]inputText_05_07_2024_01_04_27.png'><img src='C:\Users\agraway\Desktop\LifeSpeed-mainy\LifeSpeed-main\src\test\java\screenshot\TC23[2]inputText_05_07_2024_01_04_27.png'height='100' width='100'/></a>
captureScreen method called
<a href='C:\Users\agraway\Desktop\LifeSpeed-mainy\LifeSpeed-main\src\test\java\screenshot\TC23[2]selectByVisibleText_05_07_2024_01_05_58.png'><img src='C:\Users\agraway\Desktop\LifeSpeed-mainy\LifeSpeed-main\src\test\java\screenshot\TC23[2]selectByVisibleText_05_07_2024_01_05_58.png'height='100' width='100'/></a>
captureScreen method called
<a href='C:\Users\agraway\Desktop\LifeSpeed-mainy\LifeSpeed-main\src\test\java\screenshot\TC23[2]selectByValue_05_07_2024_01_06_40.png'><img src='C:\Users\agraway\Desktop\LifeSpeed-mainy\LifeSpeed-main\src\test\java\screenshot\TC23[2]selectByValue_05_07_2024_01_06_40.png'height='100' width='100'/></a>
captureScreen method called
<a href='C:\Users\agraway\Desktop\LifeSpeed-mainy\LifeSpeed-main\src\test\java\screenshot\TC23[2]inputText_05_07_2024_01_06_56.png'><img src='C:\Users\agraway\Desktop\LifeSpeed-mainy\LifeSpeed-main\src\test\java\screenshot\TC23[2]inputText_05_07_2024_01_06_56.png'height='100' width='100'/></a>
captureScreen method called
<a href='C:\Users\agraway\Desktop\LifeSpeed-mainy\LifeSpeed-main\src\test\java\screenshot\TC23[2]inputText_05_07_2024_01_08_45.png'><img src='C:\Users\agraway\Desktop\LifeSpeed-mainy\LifeSpeed-main\src\test\java\screenshot\TC23[2]inputText_05_07_2024_01_08_45.png'height='100' width='100'/></a>
captureScreen method called
<a href='C:\Users\agraway\Desktop\LifeSpeed-mainy\LifeSpeed-main\src\test\java\screenshot\TC23[2]inputText_05_07_2024_01_09_36.png'><img src='C:\Users\agraway\Desktop\LifeSpeed-mainy\LifeSpeed-main\src\test\java\screenshot\TC23[2]inputText_05_07_2024_01_09_36.png'height='100' width='100'/></a>
captureScreen method called
<a href='C:\Users\agraway\Desktop\LifeSpeed-mainy\LifeSpeed-main\src\test\java\screenshot\TC23[2]clickOnLink_05_07_2024_01_11_38.png'><img src='C:\Users\agraway\Desktop\LifeSpeed-mainy\LifeSpeed-main\src\test\java\screenshot\TC23[2]clickOnLink_05_07_2024_01_11_38.png'height='100' width='100'/></a>
captureScreen method called
<a href='C:\Users\agraway\Desktop\LifeSpeed-mainy\LifeSpeed-main\src\test\java\screenshot\TC23[2]clickOnLink_05_07_2024_01_12_20.png'><img src='C:\Users\agraway\Desktop\LifeSpeed-mainy\LifeSpeed-main\src\test\java\screenshot\TC23[2]clickOnLink_05_07_2024_01_12_20.png'height='100' width='100'/></a>
captureScreen method called
<a href='C:\Users\agraway\Desktop\LifeSpeed-mainy\LifeSpeed-main\src\test\java\screenshot\TC23[2]clickOnLink_05_07_2024_01_12_46.png'><img src='C:\Users\agraway\Desktop\LifeSpeed-mainy\LifeSpeed-main\src\test\java\screenshot\TC23[2]clickOnLink_05_07_2024_01_12_46.png'height='100' width='100'/></a>
captureScreen method called
<a href='C:\Users\agraway\Desktop\LifeSpeed-mainy\LifeSpeed-main\src\test\java\screenshot\TC23[2]verifyText_05_07_2024_01_14_16.png'><img src='C:\Users\agraway\Desktop\LifeSpeed-mainy\LifeSpeed-main\src\test\java\screenshot\TC23[2]verifyText_05_07_2024_01_14_16.png'height='100' width='100'/></a>
captureScreen method called
<a href='C:\Users\agraway\Desktop\LifeSpeed-mainy\LifeSpeed-main\src\test\java\screenshot\TC23[2]clickOnLink_05_07_2024_01_14_45.png'><img src='C:\Users\agraway\Desktop\LifeSpeed-mainy\LifeSpeed-main\src\test\java\screenshot\TC23[2]clickOnLink_05_07_2024_01_14_45.png'height='100' width='100'/></a>
captureScreen method called
<a href='C:\Users\agraway\Desktop\LifeSpeed-mainy\LifeSpeed-main\src\test\java\screenshot\TC23[2]clickOnLink_05_07_2024_01_15_30.png'><img src='C:\Users\agraway\Desktop\LifeSpeed-mainy\LifeSpeed-main\src\test\java\screenshot\TC23[2]clickOnLink_05_07_2024_01_15_30.png'height='100' width='100'/></a>
captureScreen method called
<a href='C:\Users\agraway\Desktop\LifeSpeed-mainy\LifeSpeed-main\src\test\java\screenshot\TC23[2]clickOnLink_05_07_2024_01_20_05.png'><img src='C:\Users\agraway\Desktop\LifeSpeed-mainy\LifeSpeed-main\src\test\java\screenshot\TC23[2]clickOnLink_05_07_2024_01_20_05.png'height='100' width='100'/></a>
captureScreen method called
<a href='C:\Users\agraway\Desktop\LifeSpeed-mainy\LifeSpeed-main\src\test\java\screenshot\TC23[3]inputText_05_07_2024_01_23_06.png'><img src='C:\Users\agraway\Desktop\LifeSpeed-mainy\LifeSpeed-main\src\test\java\screenshot\TC23[3]inputText_05_07_2024_01_23_06.png'height='100' width='100'/></a>
captureScreen method called
<a href='C:\Users\agraway\Desktop\LifeSpeed-mainy\LifeSpeed-main\src\test\java\screenshot\TC23[3]clickRadioButton_05_07_2024_01_23_56.png'><img src='C:\Users\agraway\Desktop\LifeSpeed-mainy\LifeSpeed-main\src\test\java\screenshot\TC23[3]clickRadioButton_05_07_2024_01_23_56.png'height='100' width='100'/></a>
captureScreen method called
<a href='C:\Users\agraway\Desktop\LifeSpeed-mainy\LifeSpeed-main\src\test\java\screenshot\TC23[3]inputText_05_07_2024_01_25_43.png'><img src='C:\Users\agraway\Desktop\LifeSpeed-mainy\LifeSpeed-main\src\test\java\screenshot\TC23[3]inputText_05_07_2024_01_25_43.png'height='100' width='100'/></a>
captureScreen method called
<a href='C:\Users\agraway\Desktop\LifeSpeed-mainy\LifeSpeed-main\src\test\java\screenshot\TC23[3]selectByVisibleText_05_07_2024_01_27_13.png'><img src='C:\Users\agraway\Desktop\LifeSpeed-mainy\LifeSpeed-main\src\test\java\screenshot\TC23[3]selectByVisibleText_05_07_2024_01_27_13.png'height='100' width='100'/></a>
captureScreen method called
<a href='C:\Users\agraway\Desktop\LifeSpeed-mainy\LifeSpeed-main\src\test\java\screenshot\TC23[3]selectByValue_05_07_2024_01_27_56.png'><img src='C:\Users\agraway\Desktop\LifeSpeed-mainy\LifeSpeed-main\src\test\java\screenshot\TC23[3]selectByValue_05_07_2024_01_27_56.png'height='100' width='100'/></a>
captureScreen method called
<a href='C:\Users\agraway\Desktop\LifeSpeed-mainy\LifeSpeed-main\src\test\java\screenshot\TC23[3]inputText_05_07_2024_01_28_12.png'><img src='C:\Users\agraway\Desktop\LifeSpeed-mainy\LifeSpeed-main\src\test\java\screenshot\TC23[3]inputText_05_07_2024_01_28_12.png'height='100' width='100'/></a>
captureScreen method called
<a href='C:\Users\agraway\Desktop\LifeSpeed-mainy\LifeSpeed-main\src\test\java\screenshot\TC23[3]inputText_05_07_2024_01_30_01.png'><img src='C:\Users\agraway\Desktop\LifeSpeed-mainy\LifeSpeed-main\src\test\java\screenshot\TC23[3]inputText_05_07_2024_01_30_01.png'height='100' width='100'/></a>
captureScreen method called
<a href='C:\Users\agraway\Desktop\LifeSpeed-mainy\LifeSpeed-main\src\test\java\screenshot\TC23[3]inputText_05_07_2024_01_30_52.png'><img src='C:\Users\agraway\Desktop\LifeSpeed-mainy\LifeSpeed-main\src\test\java\screenshot\TC23[3]inputText_05_07_2024_01_30_52.png'height='100' width='100'/></a>
captureScreen method called
<a href='C:\Users\agraway\Desktop\LifeSpeed-mainy\LifeSpeed-main\src\test\java\screenshot\TC23[3]clickOnLink_05_07_2024_01_32_53.png'><img src='C:\Users\agraway\Desktop\LifeSpeed-mainy\LifeSpeed-main\src\test\java\screenshot\TC23[3]clickOnLink_05_07_2024_01_32_53.png'height='100' width='100'/></a>
captureScreen method called
<a href='C:\Users\agraway\Desktop\LifeSpeed-mainy\LifeSpeed-main\src\test\java\screenshot\TC23[3]clickOnLink_05_07_2024_01_33_35.png'><img src='C:\Users\agraway\Desktop\LifeSpeed-mainy\LifeSpeed-main\src\test\java\screenshot\TC23[3]clickOnLink_05_07_2024_01_33_35.png'height='100' width='100'/></a>
captureScreen method called
<a href='C:\Users\agraway\Desktop\LifeSpeed-mainy\LifeSpeed-main\src\test\java\screenshot\TC23[3]clickOnLink_05_07_2024_01_34_01.png'><img src='C:\Users\agraway\Desktop\LifeSpeed-mainy\LifeSpeed-main\src\test\java\screenshot\TC23[3]clickOnLink_05_07_2024_01_34_01.png'height='100' width='100'/></a>
captureScreen method called
<a href='C:\Users\agraway\Desktop\LifeSpeed-mainy\LifeSpeed-main\src\test\java\screenshot\TC23[3]verifyText_05_07_2024_01_35_31.png'><img src='C:\Users\agraway\Desktop\LifeSpeed-mainy\LifeSpeed-main\src\test\java\screenshot\TC23[3]verifyText_05_07_2024_01_35_31.png'height='100' width='100'/></a>
captureScreen method called
<a href='C:\Users\agraway\Desktop\LifeSpeed-mainy\LifeSpeed-main\src\test\java\screenshot\TC23[3]clickOnLink_05_07_2024_01_36_01.png'><img src='C:\Users\agraway\Desktop\LifeSpeed-mainy\LifeSpeed-main\src\test\java\screenshot\TC23[3]clickOnLink_05_07_2024_01_36_01.png'height='100' width='100'/></a>
captureScreen method called
<a href='C:\Users\agraway\Desktop\LifeSpeed-mainy\LifeSpeed-main\src\test\java\screenshot\TC23[3]clickOnLink_05_07_2024_01_36_45.png'><img src='C:\Users\agraway\Desktop\LifeSpeed-mainy\LifeSpeed-main\src\test\java\screenshot\TC23[3]clickOnLink_05_07_2024_01_36_45.png'height='100' width='100'/></a>
captureScreen method called
<a href='C:\Users\agraway\Desktop\LifeSpeed-mainy\LifeSpeed-main\src\test\java\screenshot\TC23[3]clickOnLink_05_07_2024_01_41_20.png'><img src='C:\Users\agraway\Desktop\LifeSpeed-mainy\LifeSpeed-main\src\test\java\screenshot\TC23[3]clickOnLink_05_07_2024_01_41_20.png'height='100' width='100'/></a>
captureScreen method called
<a href='C:\Users\agraway\Desktop\LifeSpeed-mainy\LifeSpeed-main\src\test\java\screenshot\TC23[4]inputText_05_07_2024_01_44_20.png'><img src='C:\Users\agraway\Desktop\LifeSpeed-mainy\LifeSpeed-main\src\test\java\screenshot\TC23[4]inputText_05_07_2024_01_44_20.png'height='100' width='100'/></a>
captureScreen method called
<a href='C:\Users\agraway\Desktop\LifeSpeed-mainy\LifeSpeed-main\src\test\java\screenshot\TC23[4]inputText_05_07_2024_01_46_06.png'><img src='C:\Users\agraway\Desktop\LifeSpeed-mainy\LifeSpeed-main\src\test\java\screenshot\TC23[4]inputText_05_07_2024_01_46_06.png'height='100' width='100'/></a>
captureScreen method called
<a href='C:\Users\agraway\Desktop\LifeSpeed-mainy\LifeSpeed-main\src\test\java\screenshot\TC23[4]selectByVisibleText_05_07_2024_01_47_36.png'><img src='C:\Users\agraway\Desktop\LifeSpeed-mainy\LifeSpeed-main\src\test\java\screenshot\TC23[4]selectByVisibleText_05_07_2024_01_47_36.png'height='100' width='100'/></a>
captureScreen method called
<a href='C:\Users\agraway\Desktop\LifeSpeed-mainy\LifeSpeed-main\src\test\java\screenshot\TC23[4]selectByValue_05_07_2024_01_48_18.png'><img src='C:\Users\agraway\Desktop\LifeSpeed-mainy\LifeSpeed-main\src\test\java\screenshot\TC23[4]selectByValue_05_07_2024_01_48_18.png'height='100' width='100'/></a>
captureScreen method called
<a href='C:\Users\agraway\Desktop\LifeSpeed-mainy\LifeSpeed-main\src\test\java\screenshot\TC23[4]inputText_05_07_2024_01_48_34.png'><img src='C:\Users\agraway\Desktop\LifeSpeed-mainy\LifeSpeed-main\src\test\java\screenshot\TC23[4]inputText_05_07_2024_01_48_34.png'height='100' width='100'/></a>
captureScreen method called
<a href='C:\Users\agraway\Desktop\LifeSpeed-mainy\LifeSpeed-main\src\test\java\screenshot\TC23[4]inputText_05_07_2024_01_50_23.png'><img src='C:\Users\agraway\Desktop\LifeSpeed-mainy\LifeSpeed-main\src\test\java\screenshot\TC23[4]inputText_05_07_2024_01_50_23.png'height='100' width='100'/></a>
captureScreen method called
<a href='C:\Users\agraway\Desktop\LifeSpeed-mainy\LifeSpeed-main\src\test\java\screenshot\TC23[4]inputText_05_07_2024_01_51_13.png'><img src='C:\Users\agraway\Desktop\LifeSpeed-mainy\LifeSpeed-main\src\test\java\screenshot\TC23[4]inputText_05_07_2024_01_51_13.png'height='100' width='100'/></a>
captureScreen method called
<a href='C:\Users\agraway\Desktop\LifeSpeed-mainy\LifeSpeed-main\src\test\java\screenshot\TC23[4]inputText_05_07_2024_01_52_04.png'><img src='C:\Users\agraway\Desktop\LifeSpeed-mainy\LifeSpeed-main\src\test\java\screenshot\TC23[4]inputText_05_07_2024_01_52_04.png'height='100' width='100'/></a>
captureScreen method called
<a href='C:\Users\agraway\Desktop\LifeSpeed-mainy\LifeSpeed-main\src\test\java\screenshot\TC23[4]clickOnLink_05_07_2024_01_54_07.png'><img src='C:\Users\agraway\Desktop\LifeSpeed-mainy\LifeSpeed-main\src\test\java\screenshot\TC23[4]clickOnLink_05_07_2024_01_54_07.png'height='100' width='100'/></a>
captureScreen method called
<a href='C:\Users\agraway\Desktop\LifeSpeed-mainy\LifeSpeed-main\src\test\java\screenshot\TC23[4]clickOnLink_05_07_2024_01_54_49.png'><img src='C:\Users\agraway\Desktop\LifeSpeed-mainy\LifeSpeed-main\src\test\java\screenshot\TC23[4]clickOnLink_05_07_2024_01_54_49.png'height='100' width='100'/></a>
captureScreen method called
<a href='C:\Users\agraway\Desktop\LifeSpeed-mainy\LifeSpeed-main\src\test\java\screenshot\TC23[4]clickOnLink_05_07_2024_01_55_15.png'><img src='C:\Users\agraway\Desktop\LifeSpeed-mainy\LifeSpeed-main\src\test\java\screenshot\TC23[4]clickOnLink_05_07_2024_01_55_15.png'height='100' width='100'/></a>
captureScreen method called
<a href='C:\Users\agraway\Desktop\LifeSpeed-mainy\LifeSpeed-main\src\test\java\screenshot\TC23[4]verifyText_05_07_2024_01_56_45.png'><img src='C:\Users\agraway\Desktop\LifeSpeed-mainy\LifeSpeed-main\src\test\java\screenshot\TC23[4]verifyText_05_07_2024_01_56_45.png'height='100' width='100'/></a>
captureScreen method called
<a href='C:\Users\agraway\Desktop\LifeSpeed-mainy\LifeSpeed-main\src\test\java\screenshot\TC23[4]clickOnLink_05_07_2024_01_57_14.png'><img src='C:\Users\agraway\Desktop\LifeSpeed-mainy\LifeSpeed-main\src\test\java\screenshot\TC23[4]clickOnLink_05_07_2024_01_57_14.png'height='100' width='100'/></a>
captureScreen method called
<a href='C:\Users\agraway\Desktop\LifeSpeed-mainy\LifeSpeed-main\src\test\java\screenshot\TC23[4]clickOnLink_05_07_2024_01_57_58.png'><img src='C:\Users\agraway\Desktop\LifeSpeed-mainy\LifeSpeed-main\src\test\java\screenshot\TC23[4]clickOnLink_05_07_2024_01_57_58.png'height='100' width='100'/></a>
captureScreen method called
<a href='C:\Users\agraway\Desktop\LifeSpeed-mainy\LifeSpeed-main\src\test\java\screenshot\TC23[4]clickOnLink_05_07_2024_02_02_34.png'><img src='C:\Users\agraway\Desktop\LifeSpeed-mainy\LifeSpeed-main\src\test\java\screenshot\TC23[4]clickOnLink_05_07_2024_02_02_34.png'height='100' width='100'/></a>]]>
    </system-out>
  </testcase> <!-- TestCaseController -->
  <system-out>
    <![CDATA[captureScreen method called
<a href='C:\Users\agraway\Desktop\LifeSpeed-mainy\LifeSpeed-main\src\test\java\screenshot\TC23[1]inputText_05_07_2024_12_40_38.png'><img src='C:\Users\agraway\Desktop\LifeSpeed-mainy\LifeSpeed-main\src\test\java\screenshot\TC23[1]inputText_05_07_2024_12_40_38.png'height='100' width='100'/></a>
captureScreen method called
<a href='C:\Users\agraway\Desktop\LifeSpeed-mainy\LifeSpeed-main\src\test\java\screenshot\TC23[1]clickRadioButton_05_07_2024_12_41_29.png'><img src='C:\Users\agraway\Desktop\LifeSpeed-mainy\LifeSpeed-main\src\test\java\screenshot\TC23[1]clickRadioButton_05_07_2024_12_41_29.png'height='100' width='100'/></a>
captureScreen method called
<a href='C:\Users\agraway\Desktop\LifeSpeed-mainy\LifeSpeed-main\src\test\java\screenshot\TC23[1]inputText_05_07_2024_12_43_15.png'><img src='C:\Users\agraway\Desktop\LifeSpeed-mainy\LifeSpeed-main\src\test\java\screenshot\TC23[1]inputText_05_07_2024_12_43_15.png'height='100' width='100'/></a>
captureScreen method called
<a href='C:\Users\agraway\Desktop\LifeSpeed-mainy\LifeSpeed-main\src\test\java\screenshot\TC23[1]selectByVisibleText_05_07_2024_12_44_45.png'><img src='C:\Users\agraway\Desktop\LifeSpeed-mainy\LifeSpeed-main\src\test\java\screenshot\TC23[1]selectByVisibleText_05_07_2024_12_44_45.png'height='100' width='100'/></a>
captureScreen method called
<a href='C:\Users\agraway\Desktop\LifeSpeed-mainy\LifeSpeed-main\src\test\java\screenshot\TC23[1]selectByValue_05_07_2024_12_45_27.png'><img src='C:\Users\agraway\Desktop\LifeSpeed-mainy\LifeSpeed-main\src\test\java\screenshot\TC23[1]selectByValue_05_07_2024_12_45_27.png'height='100' width='100'/></a>
captureScreen method called
<a href='C:\Users\agraway\Desktop\LifeSpeed-mainy\LifeSpeed-main\src\test\java\screenshot\TC23[1]inputText_05_07_2024_12_45_44.png'><img src='C:\Users\agraway\Desktop\LifeSpeed-mainy\LifeSpeed-main\src\test\java\screenshot\TC23[1]inputText_05_07_2024_12_45_44.png'height='100' width='100'/></a>
captureScreen method called
<a href='C:\Users\agraway\Desktop\LifeSpeed-mainy\LifeSpeed-main\src\test\java\screenshot\TC23[1]inputText_05_07_2024_12_47_32.png'><img src='C:\Users\agraway\Desktop\LifeSpeed-mainy\LifeSpeed-main\src\test\java\screenshot\TC23[1]inputText_05_07_2024_12_47_32.png'height='100' width='100'/></a>
captureScreen method called
<a href='C:\Users\agraway\Desktop\LifeSpeed-mainy\LifeSpeed-main\src\test\java\screenshot\TC23[1]inputText_05_07_2024_12_48_22.png'><img src='C:\Users\agraway\Desktop\LifeSpeed-mainy\LifeSpeed-main\src\test\java\screenshot\TC23[1]inputText_05_07_2024_12_48_22.png'height='100' width='100'/></a>
captureScreen method called
<a href='C:\Users\agraway\Desktop\LifeSpeed-mainy\LifeSpeed-main\src\test\java\screenshot\TC23[1]clickOnLink_05_07_2024_12_50_24.png'><img src='C:\Users\agraway\Desktop\LifeSpeed-mainy\LifeSpeed-main\src\test\java\screenshot\TC23[1]clickOnLink_05_07_2024_12_50_24.png'height='100' width='100'/></a>
captureScreen method called
<a href='C:\Users\agraway\Desktop\LifeSpeed-mainy\LifeSpeed-main\src\test\java\screenshot\TC23[1]clickOnLink_05_07_2024_12_51_06.png'><img src='C:\Users\agraway\Desktop\LifeSpeed-mainy\LifeSpeed-main\src\test\java\screenshot\TC23[1]clickOnLink_05_07_2024_12_51_06.png'height='100' width='100'/></a>
captureScreen method called
<a href='C:\Users\agraway\Desktop\LifeSpeed-mainy\LifeSpeed-main\src\test\java\screenshot\TC23[1]clickOnLink_05_07_2024_12_51_32.png'><img src='C:\Users\agraway\Desktop\LifeSpeed-mainy\LifeSpeed-main\src\test\java\screenshot\TC23[1]clickOnLink_05_07_2024_12_51_32.png'height='100' width='100'/></a>
captureScreen method called
<a href='C:\Users\agraway\Desktop\LifeSpeed-mainy\LifeSpeed-main\src\test\java\screenshot\TC23[1]verifyText_05_07_2024_12_53_02.png'><img src='C:\Users\agraway\Desktop\LifeSpeed-mainy\LifeSpeed-main\src\test\java\screenshot\TC23[1]verifyText_05_07_2024_12_53_02.png'height='100' width='100'/></a>
captureScreen method called
<a href='C:\Users\agraway\Desktop\LifeSpeed-mainy\LifeSpeed-main\src\test\java\screenshot\TC23[1]clickOnLink_05_07_2024_12_53_31.png'><img src='C:\Users\agraway\Desktop\LifeSpeed-mainy\LifeSpeed-main\src\test\java\screenshot\TC23[1]clickOnLink_05_07_2024_12_53_31.png'height='100' width='100'/></a>
captureScreen method called
<a href='C:\Users\agraway\Desktop\LifeSpeed-mainy\LifeSpeed-main\src\test\java\screenshot\TC23[1]clickOnLink_05_07_2024_12_54_15.png'><img src='C:\Users\agraway\Desktop\LifeSpeed-mainy\LifeSpeed-main\src\test\java\screenshot\TC23[1]clickOnLink_05_07_2024_12_54_15.png'height='100' width='100'/></a>
captureScreen method called
<a href='C:\Users\agraway\Desktop\LifeSpeed-mainy\LifeSpeed-main\src\test\java\screenshot\TC23[1]clickOnLink_05_07_2024_12_58_51.png'><img src='C:\Users\agraway\Desktop\LifeSpeed-mainy\LifeSpeed-main\src\test\java\screenshot\TC23[1]clickOnLink_05_07_2024_12_58_51.png'height='100' width='100'/></a>
captureScreen method called
<a href='C:\Users\agraway\Desktop\LifeSpeed-mainy\LifeSpeed-main\src\test\java\screenshot\TC23[2]inputText_05_07_2024_01_01_50.png'><img src='C:\Users\agraway\Desktop\LifeSpeed-mainy\LifeSpeed-main\src\test\java\screenshot\TC23[2]inputText_05_07_2024_01_01_50.png'height='100' width='100'/></a>
captureScreen method called
<a href='C:\Users\agraway\Desktop\LifeSpeed-mainy\LifeSpeed-main\src\test\java\screenshot\TC23[2]clickRadioButton_05_07_2024_01_02_41.png'><img src='C:\Users\agraway\Desktop\LifeSpeed-mainy\LifeSpeed-main\src\test\java\screenshot\TC23[2]clickRadioButton_05_07_2024_01_02_41.png'height='100' width='100'/></a>
captureScreen method called
<a href='C:\Users\agraway\Desktop\LifeSpeed-mainy\LifeSpeed-main\src\test\java\screenshot\TC23[2]inputText_05_07_2024_01_04_27.png'><img src='C:\Users\agraway\Desktop\LifeSpeed-mainy\LifeSpeed-main\src\test\java\screenshot\TC23[2]inputText_05_07_2024_01_04_27.png'height='100' width='100'/></a>
captureScreen method called
<a href='C:\Users\agraway\Desktop\LifeSpeed-mainy\LifeSpeed-main\src\test\java\screenshot\TC23[2]selectByVisibleText_05_07_2024_01_05_58.png'><img src='C:\Users\agraway\Desktop\LifeSpeed-mainy\LifeSpeed-main\src\test\java\screenshot\TC23[2]selectByVisibleText_05_07_2024_01_05_58.png'height='100' width='100'/></a>
captureScreen method called
<a href='C:\Users\agraway\Desktop\LifeSpeed-mainy\LifeSpeed-main\src\test\java\screenshot\TC23[2]selectByValue_05_07_2024_01_06_40.png'><img src='C:\Users\agraway\Desktop\LifeSpeed-mainy\LifeSpeed-main\src\test\java\screenshot\TC23[2]selectByValue_05_07_2024_01_06_40.png'height='100' width='100'/></a>
captureScreen method called
<a href='C:\Users\agraway\Desktop\LifeSpeed-mainy\LifeSpeed-main\src\test\java\screenshot\TC23[2]inputText_05_07_2024_01_06_56.png'><img src='C:\Users\agraway\Desktop\LifeSpeed-mainy\LifeSpeed-main\src\test\java\screenshot\TC23[2]inputText_05_07_2024_01_06_56.png'height='100' width='100'/></a>
captureScreen method called
<a href='C:\Users\agraway\Desktop\LifeSpeed-mainy\LifeSpeed-main\src\test\java\screenshot\TC23[2]inputText_05_07_2024_01_08_45.png'><img src='C:\Users\agraway\Desktop\LifeSpeed-mainy\LifeSpeed-main\src\test\java\screenshot\TC23[2]inputText_05_07_2024_01_08_45.png'height='100' width='100'/></a>
captureScreen method called
<a href='C:\Users\agraway\Desktop\LifeSpeed-mainy\LifeSpeed-main\src\test\java\screenshot\TC23[2]inputText_05_07_2024_01_09_36.png'><img src='C:\Users\agraway\Desktop\LifeSpeed-mainy\LifeSpeed-main\src\test\java\screenshot\TC23[2]inputText_05_07_2024_01_09_36.png'height='100' width='100'/></a>
captureScreen method called
<a href='C:\Users\agraway\Desktop\LifeSpeed-mainy\LifeSpeed-main\src\test\java\screenshot\TC23[2]clickOnLink_05_07_2024_01_11_38.png'><img src='C:\Users\agraway\Desktop\LifeSpeed-mainy\LifeSpeed-main\src\test\java\screenshot\TC23[2]clickOnLink_05_07_2024_01_11_38.png'height='100' width='100'/></a>
captureScreen method called
<a href='C:\Users\agraway\Desktop\LifeSpeed-mainy\LifeSpeed-main\src\test\java\screenshot\TC23[2]clickOnLink_05_07_2024_01_12_20.png'><img src='C:\Users\agraway\Desktop\LifeSpeed-mainy\LifeSpeed-main\src\test\java\screenshot\TC23[2]clickOnLink_05_07_2024_01_12_20.png'height='100' width='100'/></a>
captureScreen method called
<a href='C:\Users\agraway\Desktop\LifeSpeed-mainy\LifeSpeed-main\src\test\java\screenshot\TC23[2]clickOnLink_05_07_2024_01_12_46.png'><img src='C:\Users\agraway\Desktop\LifeSpeed-mainy\LifeSpeed-main\src\test\java\screenshot\TC23[2]clickOnLink_05_07_2024_01_12_46.png'height='100' width='100'/></a>
captureScreen method called
<a href='C:\Users\agraway\Desktop\LifeSpeed-mainy\LifeSpeed-main\src\test\java\screenshot\TC23[2]verifyText_05_07_2024_01_14_16.png'><img src='C:\Users\agraway\Desktop\LifeSpeed-mainy\LifeSpeed-main\src\test\java\screenshot\TC23[2]verifyText_05_07_2024_01_14_16.png'height='100' width='100'/></a>
captureScreen method called
<a href='C:\Users\agraway\Desktop\LifeSpeed-mainy\LifeSpeed-main\src\test\java\screenshot\TC23[2]clickOnLink_05_07_2024_01_14_45.png'><img src='C:\Users\agraway\Desktop\LifeSpeed-mainy\LifeSpeed-main\src\test\java\screenshot\TC23[2]clickOnLink_05_07_2024_01_14_45.png'height='100' width='100'/></a>
captureScreen method called
<a href='C:\Users\agraway\Desktop\LifeSpeed-mainy\LifeSpeed-main\src\test\java\screenshot\TC23[2]clickOnLink_05_07_2024_01_15_30.png'><img src='C:\Users\agraway\Desktop\LifeSpeed-mainy\LifeSpeed-main\src\test\java\screenshot\TC23[2]clickOnLink_05_07_2024_01_15_30.png'height='100' width='100'/></a>
captureScreen method called
<a href='C:\Users\agraway\Desktop\LifeSpeed-mainy\LifeSpeed-main\src\test\java\screenshot\TC23[2]clickOnLink_05_07_2024_01_20_05.png'><img src='C:\Users\agraway\Desktop\LifeSpeed-mainy\LifeSpeed-main\src\test\java\screenshot\TC23[2]clickOnLink_05_07_2024_01_20_05.png'height='100' width='100'/></a>
captureScreen method called
<a href='C:\Users\agraway\Desktop\LifeSpeed-mainy\LifeSpeed-main\src\test\java\screenshot\TC23[3]inputText_05_07_2024_01_23_06.png'><img src='C:\Users\agraway\Desktop\LifeSpeed-mainy\LifeSpeed-main\src\test\java\screenshot\TC23[3]inputText_05_07_2024_01_23_06.png'height='100' width='100'/></a>
captureScreen method called
<a href='C:\Users\agraway\Desktop\LifeSpeed-mainy\LifeSpeed-main\src\test\java\screenshot\TC23[3]clickRadioButton_05_07_2024_01_23_56.png'><img src='C:\Users\agraway\Desktop\LifeSpeed-mainy\LifeSpeed-main\src\test\java\screenshot\TC23[3]clickRadioButton_05_07_2024_01_23_56.png'height='100' width='100'/></a>
captureScreen method called
<a href='C:\Users\agraway\Desktop\LifeSpeed-mainy\LifeSpeed-main\src\test\java\screenshot\TC23[3]inputText_05_07_2024_01_25_43.png'><img src='C:\Users\agraway\Desktop\LifeSpeed-mainy\LifeSpeed-main\src\test\java\screenshot\TC23[3]inputText_05_07_2024_01_25_43.png'height='100' width='100'/></a>
captureScreen method called
<a href='C:\Users\agraway\Desktop\LifeSpeed-mainy\LifeSpeed-main\src\test\java\screenshot\TC23[3]selectByVisibleText_05_07_2024_01_27_13.png'><img src='C:\Users\agraway\Desktop\LifeSpeed-mainy\LifeSpeed-main\src\test\java\screenshot\TC23[3]selectByVisibleText_05_07_2024_01_27_13.png'height='100' width='100'/></a>
captureScreen method called
<a href='C:\Users\agraway\Desktop\LifeSpeed-mainy\LifeSpeed-main\src\test\java\screenshot\TC23[3]selectByValue_05_07_2024_01_27_56.png'><img src='C:\Users\agraway\Desktop\LifeSpeed-mainy\LifeSpeed-main\src\test\java\screenshot\TC23[3]selectByValue_05_07_2024_01_27_56.png'height='100' width='100'/></a>
captureScreen method called
<a href='C:\Users\agraway\Desktop\LifeSpeed-mainy\LifeSpeed-main\src\test\java\screenshot\TC23[3]inputText_05_07_2024_01_28_12.png'><img src='C:\Users\agraway\Desktop\LifeSpeed-mainy\LifeSpeed-main\src\test\java\screenshot\TC23[3]inputText_05_07_2024_01_28_12.png'height='100' width='100'/></a>
captureScreen method called
<a href='C:\Users\agraway\Desktop\LifeSpeed-mainy\LifeSpeed-main\src\test\java\screenshot\TC23[3]inputText_05_07_2024_01_30_01.png'><img src='C:\Users\agraway\Desktop\LifeSpeed-mainy\LifeSpeed-main\src\test\java\screenshot\TC23[3]inputText_05_07_2024_01_30_01.png'height='100' width='100'/></a>
captureScreen method called
<a href='C:\Users\agraway\Desktop\LifeSpeed-mainy\LifeSpeed-main\src\test\java\screenshot\TC23[3]inputText_05_07_2024_01_30_52.png'><img src='C:\Users\agraway\Desktop\LifeSpeed-mainy\LifeSpeed-main\src\test\java\screenshot\TC23[3]inputText_05_07_2024_01_30_52.png'height='100' width='100'/></a>
captureScreen method called
<a href='C:\Users\agraway\Desktop\LifeSpeed-mainy\LifeSpeed-main\src\test\java\screenshot\TC23[3]clickOnLink_05_07_2024_01_32_53.png'><img src='C:\Users\agraway\Desktop\LifeSpeed-mainy\LifeSpeed-main\src\test\java\screenshot\TC23[3]clickOnLink_05_07_2024_01_32_53.png'height='100' width='100'/></a>
captureScreen method called
<a href='C:\Users\agraway\Desktop\LifeSpeed-mainy\LifeSpeed-main\src\test\java\screenshot\TC23[3]clickOnLink_05_07_2024_01_33_35.png'><img src='C:\Users\agraway\Desktop\LifeSpeed-mainy\LifeSpeed-main\src\test\java\screenshot\TC23[3]clickOnLink_05_07_2024_01_33_35.png'height='100' width='100'/></a>
captureScreen method called
<a href='C:\Users\agraway\Desktop\LifeSpeed-mainy\LifeSpeed-main\src\test\java\screenshot\TC23[3]clickOnLink_05_07_2024_01_34_01.png'><img src='C:\Users\agraway\Desktop\LifeSpeed-mainy\LifeSpeed-main\src\test\java\screenshot\TC23[3]clickOnLink_05_07_2024_01_34_01.png'height='100' width='100'/></a>
captureScreen method called
<a href='C:\Users\agraway\Desktop\LifeSpeed-mainy\LifeSpeed-main\src\test\java\screenshot\TC23[3]verifyText_05_07_2024_01_35_31.png'><img src='C:\Users\agraway\Desktop\LifeSpeed-mainy\LifeSpeed-main\src\test\java\screenshot\TC23[3]verifyText_05_07_2024_01_35_31.png'height='100' width='100'/></a>
captureScreen method called
<a href='C:\Users\agraway\Desktop\LifeSpeed-mainy\LifeSpeed-main\src\test\java\screenshot\TC23[3]clickOnLink_05_07_2024_01_36_01.png'><img src='C:\Users\agraway\Desktop\LifeSpeed-mainy\LifeSpeed-main\src\test\java\screenshot\TC23[3]clickOnLink_05_07_2024_01_36_01.png'height='100' width='100'/></a>
captureScreen method called
<a href='C:\Users\agraway\Desktop\LifeSpeed-mainy\LifeSpeed-main\src\test\java\screenshot\TC23[3]clickOnLink_05_07_2024_01_36_45.png'><img src='C:\Users\agraway\Desktop\LifeSpeed-mainy\LifeSpeed-main\src\test\java\screenshot\TC23[3]clickOnLink_05_07_2024_01_36_45.png'height='100' width='100'/></a>
captureScreen method called
<a href='C:\Users\agraway\Desktop\LifeSpeed-mainy\LifeSpeed-main\src\test\java\screenshot\TC23[3]clickOnLink_05_07_2024_01_41_20.png'><img src='C:\Users\agraway\Desktop\LifeSpeed-mainy\LifeSpeed-main\src\test\java\screenshot\TC23[3]clickOnLink_05_07_2024_01_41_20.png'height='100' width='100'/></a>
captureScreen method called
<a href='C:\Users\agraway\Desktop\LifeSpeed-mainy\LifeSpeed-main\src\test\java\screenshot\TC23[4]inputText_05_07_2024_01_44_20.png'><img src='C:\Users\agraway\Desktop\LifeSpeed-mainy\LifeSpeed-main\src\test\java\screenshot\TC23[4]inputText_05_07_2024_01_44_20.png'height='100' width='100'/></a>
captureScreen method called
<a href='C:\Users\agraway\Desktop\LifeSpeed-mainy\LifeSpeed-main\src\test\java\screenshot\TC23[4]inputText_05_07_2024_01_46_06.png'><img src='C:\Users\agraway\Desktop\LifeSpeed-mainy\LifeSpeed-main\src\test\java\screenshot\TC23[4]inputText_05_07_2024_01_46_06.png'height='100' width='100'/></a>
captureScreen method called
<a href='C:\Users\agraway\Desktop\LifeSpeed-mainy\LifeSpeed-main\src\test\java\screenshot\TC23[4]selectByVisibleText_05_07_2024_01_47_36.png'><img src='C:\Users\agraway\Desktop\LifeSpeed-mainy\LifeSpeed-main\src\test\java\screenshot\TC23[4]selectByVisibleText_05_07_2024_01_47_36.png'height='100' width='100'/></a>
captureScreen method called
<a href='C:\Users\agraway\Desktop\LifeSpeed-mainy\LifeSpeed-main\src\test\java\screenshot\TC23[4]selectByValue_05_07_2024_01_48_18.png'><img src='C:\Users\agraway\Desktop\LifeSpeed-mainy\LifeSpeed-main\src\test\java\screenshot\TC23[4]selectByValue_05_07_2024_01_48_18.png'height='100' width='100'/></a>
captureScreen method called
<a href='C:\Users\agraway\Desktop\LifeSpeed-mainy\LifeSpeed-main\src\test\java\screenshot\TC23[4]inputText_05_07_2024_01_48_34.png'><img src='C:\Users\agraway\Desktop\LifeSpeed-mainy\LifeSpeed-main\src\test\java\screenshot\TC23[4]inputText_05_07_2024_01_48_34.png'height='100' width='100'/></a>
captureScreen method called
<a href='C:\Users\agraway\Desktop\LifeSpeed-mainy\LifeSpeed-main\src\test\java\screenshot\TC23[4]inputText_05_07_2024_01_50_23.png'><img src='C:\Users\agraway\Desktop\LifeSpeed-mainy\LifeSpeed-main\src\test\java\screenshot\TC23[4]inputText_05_07_2024_01_50_23.png'height='100' width='100'/></a>
captureScreen method called
<a href='C:\Users\agraway\Desktop\LifeSpeed-mainy\LifeSpeed-main\src\test\java\screenshot\TC23[4]inputText_05_07_2024_01_51_13.png'><img src='C:\Users\agraway\Desktop\LifeSpeed-mainy\LifeSpeed-main\src\test\java\screenshot\TC23[4]inputText_05_07_2024_01_51_13.png'height='100' width='100'/></a>
captureScreen method called
<a href='C:\Users\agraway\Desktop\LifeSpeed-mainy\LifeSpeed-main\src\test\java\screenshot\TC23[4]inputText_05_07_2024_01_52_04.png'><img src='C:\Users\agraway\Desktop\LifeSpeed-mainy\LifeSpeed-main\src\test\java\screenshot\TC23[4]inputText_05_07_2024_01_52_04.png'height='100' width='100'/></a>
captureScreen method called
<a href='C:\Users\agraway\Desktop\LifeSpeed-mainy\LifeSpeed-main\src\test\java\screenshot\TC23[4]clickOnLink_05_07_2024_01_54_07.png'><img src='C:\Users\agraway\Desktop\LifeSpeed-mainy\LifeSpeed-main\src\test\java\screenshot\TC23[4]clickOnLink_05_07_2024_01_54_07.png'height='100' width='100'/></a>
captureScreen method called
<a href='C:\Users\agraway\Desktop\LifeSpeed-mainy\LifeSpeed-main\src\test\java\screenshot\TC23[4]clickOnLink_05_07_2024_01_54_49.png'><img src='C:\Users\agraway\Desktop\LifeSpeed-mainy\LifeSpeed-main\src\test\java\screenshot\TC23[4]clickOnLink_05_07_2024_01_54_49.png'height='100' width='100'/></a>
captureScreen method called
<a href='C:\Users\agraway\Desktop\LifeSpeed-mainy\LifeSpeed-main\src\test\java\screenshot\TC23[4]clickOnLink_05_07_2024_01_55_15.png'><img src='C:\Users\agraway\Desktop\LifeSpeed-mainy\LifeSpeed-main\src\test\java\screenshot\TC23[4]clickOnLink_05_07_2024_01_55_15.png'height='100' width='100'/></a>
captureScreen method called
<a href='C:\Users\agraway\Desktop\LifeSpeed-mainy\LifeSpeed-main\src\test\java\screenshot\TC23[4]verifyText_05_07_2024_01_56_45.png'><img src='C:\Users\agraway\Desktop\LifeSpeed-mainy\LifeSpeed-main\src\test\java\screenshot\TC23[4]verifyText_05_07_2024_01_56_45.png'height='100' width='100'/></a>
captureScreen method called
<a href='C:\Users\agraway\Desktop\LifeSpeed-mainy\LifeSpeed-main\src\test\java\screenshot\TC23[4]clickOnLink_05_07_2024_01_57_14.png'><img src='C:\Users\agraway\Desktop\LifeSpeed-mainy\LifeSpeed-main\src\test\java\screenshot\TC23[4]clickOnLink_05_07_2024_01_57_14.png'height='100' width='100'/></a>
captureScreen method called
<a href='C:\Users\agraway\Desktop\LifeSpeed-mainy\LifeSpeed-main\src\test\java\screenshot\TC23[4]clickOnLink_05_07_2024_01_57_58.png'><img src='C:\Users\agraway\Desktop\LifeSpeed-mainy\LifeSpeed-main\src\test\java\screenshot\TC23[4]clickOnLink_05_07_2024_01_57_58.png'height='100' width='100'/></a>
captureScreen method called
<a href='C:\Users\agraway\Desktop\LifeSpeed-mainy\LifeSpeed-main\src\test\java\screenshot\TC23[4]clickOnLink_05_07_2024_02_02_34.png'><img src='C:\Users\agraway\Desktop\LifeSpeed-mainy\LifeSpeed-main\src\test\java\screenshot\TC23[4]clickOnLink_05_07_2024_02_02_34.png'height='100' width='100'/></a>]]>
  </system-out>
</testsuite> <!-- testController.TestController -->
