<?xml version="1.0" encoding="UTF-8"?>
<!-- Generated by org.testng.reporters.JUnitReportReporter -->
<testsuite hostname="NOIANJUACER" failures="0" tests="1" name="testController.TestController" time="1235.636" errors="0" timestamp="2024-01-09T15:15:43 IST" skipped="0">
  <testcase classname="testController.TestController" name="TestCaseController" time="1235.636">
    <system-out>
      <![CDATA[captureScreen method called
<a href='C:\Users\yashi.agrawal\Downloads\LifeSpeed_Stability (1)\LifeSpeed_Stability\src\test\java\screenshot\TC02[1]inputText_09_01_2024_02_56_36.png'><img src='C:\Users\yashi.agrawal\Downloads\LifeSpeed_Stability (1)\LifeSpeed_Stability\src\test\java\screenshot\TC02[1]inputText_09_01_2024_02_56_36.png'height='100' width='100'/></a>
captureScreen method called
<a href='C:\Users\yashi.agrawal\Downloads\LifeSpeed_Stability (1)\LifeSpeed_Stability\src\test\java\screenshot\TC02[1]clickRadioButton_09_01_2024_02_56_46.png'><img src='C:\Users\yashi.agrawal\Downloads\LifeSpeed_Stability (1)\LifeSpeed_Stability\src\test\java\screenshot\TC02[1]clickRadioButton_09_01_2024_02_56_46.png'height='100' width='100'/></a>
captureScreen method called
<a href='C:\Users\yashi.agrawal\Downloads\LifeSpeed_Stability (1)\LifeSpeed_Stability\src\test\java\screenshot\TC02[1]inputText_09_01_2024_02_59_56.png'><img src='C:\Users\yashi.agrawal\Downloads\LifeSpeed_Stability (1)\LifeSpeed_Stability\src\test\java\screenshot\TC02[1]inputText_09_01_2024_02_59_56.png'height='100' width='100'/></a>
captureScreen method called
<a href='C:\Users\yashi.agrawal\Downloads\LifeSpeed_Stability (1)\LifeSpeed_Stability\src\test\java\screenshot\TC02[1]selectByVisibleText_09_01_2024_03_00_21.png'><img src='C:\Users\yashi.agrawal\Downloads\LifeSpeed_Stability (1)\LifeSpeed_Stability\src\test\java\screenshot\TC02[1]selectByVisibleText_09_01_2024_03_00_21.png'height='100' width='100'/></a>
captureScreen method called
captureScreen method called
<a href='C:\Users\yashi.agrawal\Downloads\LifeSpeed_Stability (1)\LifeSpeed_Stability\src\test\java\screenshot\TC02[1]selectByVisibleText_09_01_2024_03_01_12.png'><img src='C:\Users\yashi.agrawal\Downloads\LifeSpeed_Stability (1)\LifeSpeed_Stability\src\test\java\screenshot\TC02[1]selectByVisibleText_09_01_2024_03_01_12.png'height='100' width='100'/></a>
captureScreen method called
<a href='C:\Users\yashi.agrawal\Downloads\LifeSpeed_Stability (1)\LifeSpeed_Stability\src\test\java\screenshot\TC02[1]inputText_09_01_2024_03_02_51.png'><img src='C:\Users\yashi.agrawal\Downloads\LifeSpeed_Stability (1)\LifeSpeed_Stability\src\test\java\screenshot\TC02[1]inputText_09_01_2024_03_02_51.png'height='100' width='100'/></a>
captureScreen method called
<a href='C:\Users\yashi.agrawal\Downloads\LifeSpeed_Stability (1)\LifeSpeed_Stability\src\test\java\screenshot\TC02[1]inputText_09_01_2024_03_03_41.png'><img src='C:\Users\yashi.agrawal\Downloads\LifeSpeed_Stability (1)\LifeSpeed_Stability\src\test\java\screenshot\TC02[1]inputText_09_01_2024_03_03_41.png'height='100' width='100'/></a>
captureScreen method called
<a href='C:\Users\yashi.agrawal\Downloads\LifeSpeed_Stability (1)\LifeSpeed_Stability\src\test\java\screenshot\TC02[1]inputText_09_01_2024_03_04_32.png'><img src='C:\Users\yashi.agrawal\Downloads\LifeSpeed_Stability (1)\LifeSpeed_Stability\src\test\java\screenshot\TC02[1]inputText_09_01_2024_03_04_32.png'height='100' width='100'/></a>
captureScreen method called
<a href='C:\Users\yashi.agrawal\Downloads\LifeSpeed_Stability (1)\LifeSpeed_Stability\src\test\java\screenshot\TC02[1]clickRadioButton_09_01_2024_03_04_47.png'><img src='C:\Users\yashi.agrawal\Downloads\LifeSpeed_Stability (1)\LifeSpeed_Stability\src\test\java\screenshot\TC02[1]clickRadioButton_09_01_2024_03_04_47.png'height='100' width='100'/></a>
captureScreen method called
<a href='C:\Users\yashi.agrawal\Downloads\LifeSpeed_Stability (1)\LifeSpeed_Stability\src\test\java\screenshot\TC02[1]clickRadioButton_09_01_2024_03_04_54.png'><img src='C:\Users\yashi.agrawal\Downloads\LifeSpeed_Stability (1)\LifeSpeed_Stability\src\test\java\screenshot\TC02[1]clickRadioButton_09_01_2024_03_04_54.png'height='100' width='100'/></a>
captureScreen method called
captureScreen method called
<a href='C:\Users\yashi.agrawal\Downloads\LifeSpeed_Stability (1)\LifeSpeed_Stability\src\test\java\screenshot\TC02[1]clickRadioButton_09_01_2024_03_04_55.png'><img src='C:\Users\yashi.agrawal\Downloads\LifeSpeed_Stability (1)\LifeSpeed_Stability\src\test\java\screenshot\TC02[1]clickRadioButton_09_01_2024_03_04_55.png'height='100' width='100'/></a>
captureScreen method called
<a href='C:\Users\yashi.agrawal\Downloads\LifeSpeed_Stability (1)\LifeSpeed_Stability\src\test\java\screenshot\TC02[1]inputText_09_01_2024_03_05_18.png'><img src='C:\Users\yashi.agrawal\Downloads\LifeSpeed_Stability (1)\LifeSpeed_Stability\src\test\java\screenshot\TC02[1]inputText_09_01_2024_03_05_18.png'height='100' width='100'/></a>
captureScreen method called
captureScreen method called
captureScreen method called
captureScreen method called
<a href='C:\Users\yashi.agrawal\Downloads\LifeSpeed_Stability (1)\LifeSpeed_Stability\src\test\java\screenshot\TC02[1]inputText_09_01_2024_03_05_25.png'><img src='C:\Users\yashi.agrawal\Downloads\LifeSpeed_Stability (1)\LifeSpeed_Stability\src\test\java\screenshot\TC02[1]inputText_09_01_2024_03_05_25.png'height='100' width='100'/></a>
captureScreen method called
<a href='C:\Users\yashi.agrawal\Downloads\LifeSpeed_Stability (1)\LifeSpeed_Stability\src\test\java\screenshot\TC02[1]inputText_09_01_2024_03_05_35.png'><img src='C:\Users\yashi.agrawal\Downloads\LifeSpeed_Stability (1)\LifeSpeed_Stability\src\test\java\screenshot\TC02[1]inputText_09_01_2024_03_05_35.png'height='100' width='100'/></a>
captureScreen method called
<a href='C:\Users\yashi.agrawal\Downloads\LifeSpeed_Stability (1)\LifeSpeed_Stability\src\test\java\screenshot\TC02[1]inputText_09_01_2024_03_05_45.png'><img src='C:\Users\yashi.agrawal\Downloads\LifeSpeed_Stability (1)\LifeSpeed_Stability\src\test\java\screenshot\TC02[1]inputText_09_01_2024_03_05_45.png'height='100' width='100'/></a>
captureScreen method called
<a href='C:\Users\yashi.agrawal\Downloads\LifeSpeed_Stability (1)\LifeSpeed_Stability\src\test\java\screenshot\TC02[1]inputText_09_01_2024_03_05_58.png'><img src='C:\Users\yashi.agrawal\Downloads\LifeSpeed_Stability (1)\LifeSpeed_Stability\src\test\java\screenshot\TC02[1]inputText_09_01_2024_03_05_58.png'height='100' width='100'/></a>
captureScreen method called
<a href='C:\Users\yashi.agrawal\Downloads\LifeSpeed_Stability (1)\LifeSpeed_Stability\src\test\java\screenshot\TC02[1]clickOnLink_09_01_2024_03_06_24.png'><img src='C:\Users\yashi.agrawal\Downloads\LifeSpeed_Stability (1)\LifeSpeed_Stability\src\test\java\screenshot\TC02[1]clickOnLink_09_01_2024_03_06_24.png'height='100' width='100'/></a>
captureScreen method called
<a href='C:\Users\yashi.agrawal\Downloads\LifeSpeed_Stability (1)\LifeSpeed_Stability\src\test\java\screenshot\TC02[1]clickOnLink_09_01_2024_03_07_07.png'><img src='C:\Users\yashi.agrawal\Downloads\LifeSpeed_Stability (1)\LifeSpeed_Stability\src\test\java\screenshot\TC02[1]clickOnLink_09_01_2024_03_07_07.png'height='100' width='100'/></a>
captureScreen method called
<a href='C:\Users\yashi.agrawal\Downloads\LifeSpeed_Stability (1)\LifeSpeed_Stability\src\test\java\screenshot\TC02[1]clickOnLink_09_01_2024_03_07_33.png'><img src='C:\Users\yashi.agrawal\Downloads\LifeSpeed_Stability (1)\LifeSpeed_Stability\src\test\java\screenshot\TC02[1]clickOnLink_09_01_2024_03_07_33.png'height='100' width='100'/></a>
captureScreen method called
<a href='C:\Users\yashi.agrawal\Downloads\LifeSpeed_Stability (1)\LifeSpeed_Stability\src\test\java\screenshot\TC02[1]verifyText_09_01_2024_03_09_03.png'><img src='C:\Users\yashi.agrawal\Downloads\LifeSpeed_Stability (1)\LifeSpeed_Stability\src\test\java\screenshot\TC02[1]verifyText_09_01_2024_03_09_03.png'height='100' width='100'/></a>
captureScreen method called
<a href='C:\Users\yashi.agrawal\Downloads\LifeSpeed_Stability (1)\LifeSpeed_Stability\src\test\java\screenshot\TC02[1]clickOnLink_09_01_2024_03_09_36.png'><img src='C:\Users\yashi.agrawal\Downloads\LifeSpeed_Stability (1)\LifeSpeed_Stability\src\test\java\screenshot\TC02[1]clickOnLink_09_01_2024_03_09_36.png'height='100' width='100'/></a>
captureScreen method called
<a href='C:\Users\yashi.agrawal\Downloads\LifeSpeed_Stability (1)\LifeSpeed_Stability\src\test\java\screenshot\TC02[1]clickOnLink_09_01_2024_03_10_22.png'><img src='C:\Users\yashi.agrawal\Downloads\LifeSpeed_Stability (1)\LifeSpeed_Stability\src\test\java\screenshot\TC02[1]clickOnLink_09_01_2024_03_10_22.png'height='100' width='100'/></a>
captureScreen method called
<a href='C:\Users\yashi.agrawal\Downloads\LifeSpeed_Stability (1)\LifeSpeed_Stability\src\test\java\screenshot\TC02[1]clickOnLink_09_01_2024_03_14_59.png'><img src='C:\Users\yashi.agrawal\Downloads\LifeSpeed_Stability (1)\LifeSpeed_Stability\src\test\java\screenshot\TC02[1]clickOnLink_09_01_2024_03_14_59.png'height='100' width='100'/></a>]]>
    </system-out>
  </testcase> <!-- TestCaseController -->
  <system-out>
    <![CDATA[captureScreen method called
<a href='C:\Users\yashi.agrawal\Downloads\LifeSpeed_Stability (1)\LifeSpeed_Stability\src\test\java\screenshot\TC02[1]inputText_09_01_2024_02_56_36.png'><img src='C:\Users\yashi.agrawal\Downloads\LifeSpeed_Stability (1)\LifeSpeed_Stability\src\test\java\screenshot\TC02[1]inputText_09_01_2024_02_56_36.png'height='100' width='100'/></a>
captureScreen method called
<a href='C:\Users\yashi.agrawal\Downloads\LifeSpeed_Stability (1)\LifeSpeed_Stability\src\test\java\screenshot\TC02[1]clickRadioButton_09_01_2024_02_56_46.png'><img src='C:\Users\yashi.agrawal\Downloads\LifeSpeed_Stability (1)\LifeSpeed_Stability\src\test\java\screenshot\TC02[1]clickRadioButton_09_01_2024_02_56_46.png'height='100' width='100'/></a>
captureScreen method called
<a href='C:\Users\yashi.agrawal\Downloads\LifeSpeed_Stability (1)\LifeSpeed_Stability\src\test\java\screenshot\TC02[1]inputText_09_01_2024_02_59_56.png'><img src='C:\Users\yashi.agrawal\Downloads\LifeSpeed_Stability (1)\LifeSpeed_Stability\src\test\java\screenshot\TC02[1]inputText_09_01_2024_02_59_56.png'height='100' width='100'/></a>
captureScreen method called
<a href='C:\Users\yashi.agrawal\Downloads\LifeSpeed_Stability (1)\LifeSpeed_Stability\src\test\java\screenshot\TC02[1]selectByVisibleText_09_01_2024_03_00_21.png'><img src='C:\Users\yashi.agrawal\Downloads\LifeSpeed_Stability (1)\LifeSpeed_Stability\src\test\java\screenshot\TC02[1]selectByVisibleText_09_01_2024_03_00_21.png'height='100' width='100'/></a>
captureScreen method called
captureScreen method called
<a href='C:\Users\yashi.agrawal\Downloads\LifeSpeed_Stability (1)\LifeSpeed_Stability\src\test\java\screenshot\TC02[1]selectByVisibleText_09_01_2024_03_01_12.png'><img src='C:\Users\yashi.agrawal\Downloads\LifeSpeed_Stability (1)\LifeSpeed_Stability\src\test\java\screenshot\TC02[1]selectByVisibleText_09_01_2024_03_01_12.png'height='100' width='100'/></a>
captureScreen method called
<a href='C:\Users\yashi.agrawal\Downloads\LifeSpeed_Stability (1)\LifeSpeed_Stability\src\test\java\screenshot\TC02[1]inputText_09_01_2024_03_02_51.png'><img src='C:\Users\yashi.agrawal\Downloads\LifeSpeed_Stability (1)\LifeSpeed_Stability\src\test\java\screenshot\TC02[1]inputText_09_01_2024_03_02_51.png'height='100' width='100'/></a>
captureScreen method called
<a href='C:\Users\yashi.agrawal\Downloads\LifeSpeed_Stability (1)\LifeSpeed_Stability\src\test\java\screenshot\TC02[1]inputText_09_01_2024_03_03_41.png'><img src='C:\Users\yashi.agrawal\Downloads\LifeSpeed_Stability (1)\LifeSpeed_Stability\src\test\java\screenshot\TC02[1]inputText_09_01_2024_03_03_41.png'height='100' width='100'/></a>
captureScreen method called
<a href='C:\Users\yashi.agrawal\Downloads\LifeSpeed_Stability (1)\LifeSpeed_Stability\src\test\java\screenshot\TC02[1]inputText_09_01_2024_03_04_32.png'><img src='C:\Users\yashi.agrawal\Downloads\LifeSpeed_Stability (1)\LifeSpeed_Stability\src\test\java\screenshot\TC02[1]inputText_09_01_2024_03_04_32.png'height='100' width='100'/></a>
captureScreen method called
<a href='C:\Users\yashi.agrawal\Downloads\LifeSpeed_Stability (1)\LifeSpeed_Stability\src\test\java\screenshot\TC02[1]clickRadioButton_09_01_2024_03_04_47.png'><img src='C:\Users\yashi.agrawal\Downloads\LifeSpeed_Stability (1)\LifeSpeed_Stability\src\test\java\screenshot\TC02[1]clickRadioButton_09_01_2024_03_04_47.png'height='100' width='100'/></a>
captureScreen method called
<a href='C:\Users\yashi.agrawal\Downloads\LifeSpeed_Stability (1)\LifeSpeed_Stability\src\test\java\screenshot\TC02[1]clickRadioButton_09_01_2024_03_04_54.png'><img src='C:\Users\yashi.agrawal\Downloads\LifeSpeed_Stability (1)\LifeSpeed_Stability\src\test\java\screenshot\TC02[1]clickRadioButton_09_01_2024_03_04_54.png'height='100' width='100'/></a>
captureScreen method called
captureScreen method called
<a href='C:\Users\yashi.agrawal\Downloads\LifeSpeed_Stability (1)\LifeSpeed_Stability\src\test\java\screenshot\TC02[1]clickRadioButton_09_01_2024_03_04_55.png'><img src='C:\Users\yashi.agrawal\Downloads\LifeSpeed_Stability (1)\LifeSpeed_Stability\src\test\java\screenshot\TC02[1]clickRadioButton_09_01_2024_03_04_55.png'height='100' width='100'/></a>
captureScreen method called
<a href='C:\Users\yashi.agrawal\Downloads\LifeSpeed_Stability (1)\LifeSpeed_Stability\src\test\java\screenshot\TC02[1]inputText_09_01_2024_03_05_18.png'><img src='C:\Users\yashi.agrawal\Downloads\LifeSpeed_Stability (1)\LifeSpeed_Stability\src\test\java\screenshot\TC02[1]inputText_09_01_2024_03_05_18.png'height='100' width='100'/></a>
captureScreen method called
captureScreen method called
captureScreen method called
captureScreen method called
<a href='C:\Users\yashi.agrawal\Downloads\LifeSpeed_Stability (1)\LifeSpeed_Stability\src\test\java\screenshot\TC02[1]inputText_09_01_2024_03_05_25.png'><img src='C:\Users\yashi.agrawal\Downloads\LifeSpeed_Stability (1)\LifeSpeed_Stability\src\test\java\screenshot\TC02[1]inputText_09_01_2024_03_05_25.png'height='100' width='100'/></a>
captureScreen method called
<a href='C:\Users\yashi.agrawal\Downloads\LifeSpeed_Stability (1)\LifeSpeed_Stability\src\test\java\screenshot\TC02[1]inputText_09_01_2024_03_05_35.png'><img src='C:\Users\yashi.agrawal\Downloads\LifeSpeed_Stability (1)\LifeSpeed_Stability\src\test\java\screenshot\TC02[1]inputText_09_01_2024_03_05_35.png'height='100' width='100'/></a>
captureScreen method called
<a href='C:\Users\yashi.agrawal\Downloads\LifeSpeed_Stability (1)\LifeSpeed_Stability\src\test\java\screenshot\TC02[1]inputText_09_01_2024_03_05_45.png'><img src='C:\Users\yashi.agrawal\Downloads\LifeSpeed_Stability (1)\LifeSpeed_Stability\src\test\java\screenshot\TC02[1]inputText_09_01_2024_03_05_45.png'height='100' width='100'/></a>
captureScreen method called
<a href='C:\Users\yashi.agrawal\Downloads\LifeSpeed_Stability (1)\LifeSpeed_Stability\src\test\java\screenshot\TC02[1]inputText_09_01_2024_03_05_58.png'><img src='C:\Users\yashi.agrawal\Downloads\LifeSpeed_Stability (1)\LifeSpeed_Stability\src\test\java\screenshot\TC02[1]inputText_09_01_2024_03_05_58.png'height='100' width='100'/></a>
captureScreen method called
<a href='C:\Users\yashi.agrawal\Downloads\LifeSpeed_Stability (1)\LifeSpeed_Stability\src\test\java\screenshot\TC02[1]clickOnLink_09_01_2024_03_06_24.png'><img src='C:\Users\yashi.agrawal\Downloads\LifeSpeed_Stability (1)\LifeSpeed_Stability\src\test\java\screenshot\TC02[1]clickOnLink_09_01_2024_03_06_24.png'height='100' width='100'/></a>
captureScreen method called
<a href='C:\Users\yashi.agrawal\Downloads\LifeSpeed_Stability (1)\LifeSpeed_Stability\src\test\java\screenshot\TC02[1]clickOnLink_09_01_2024_03_07_07.png'><img src='C:\Users\yashi.agrawal\Downloads\LifeSpeed_Stability (1)\LifeSpeed_Stability\src\test\java\screenshot\TC02[1]clickOnLink_09_01_2024_03_07_07.png'height='100' width='100'/></a>
captureScreen method called
<a href='C:\Users\yashi.agrawal\Downloads\LifeSpeed_Stability (1)\LifeSpeed_Stability\src\test\java\screenshot\TC02[1]clickOnLink_09_01_2024_03_07_33.png'><img src='C:\Users\yashi.agrawal\Downloads\LifeSpeed_Stability (1)\LifeSpeed_Stability\src\test\java\screenshot\TC02[1]clickOnLink_09_01_2024_03_07_33.png'height='100' width='100'/></a>
captureScreen method called
<a href='C:\Users\yashi.agrawal\Downloads\LifeSpeed_Stability (1)\LifeSpeed_Stability\src\test\java\screenshot\TC02[1]verifyText_09_01_2024_03_09_03.png'><img src='C:\Users\yashi.agrawal\Downloads\LifeSpeed_Stability (1)\LifeSpeed_Stability\src\test\java\screenshot\TC02[1]verifyText_09_01_2024_03_09_03.png'height='100' width='100'/></a>
captureScreen method called
<a href='C:\Users\yashi.agrawal\Downloads\LifeSpeed_Stability (1)\LifeSpeed_Stability\src\test\java\screenshot\TC02[1]clickOnLink_09_01_2024_03_09_36.png'><img src='C:\Users\yashi.agrawal\Downloads\LifeSpeed_Stability (1)\LifeSpeed_Stability\src\test\java\screenshot\TC02[1]clickOnLink_09_01_2024_03_09_36.png'height='100' width='100'/></a>
captureScreen method called
<a href='C:\Users\yashi.agrawal\Downloads\LifeSpeed_Stability (1)\LifeSpeed_Stability\src\test\java\screenshot\TC02[1]clickOnLink_09_01_2024_03_10_22.png'><img src='C:\Users\yashi.agrawal\Downloads\LifeSpeed_Stability (1)\LifeSpeed_Stability\src\test\java\screenshot\TC02[1]clickOnLink_09_01_2024_03_10_22.png'height='100' width='100'/></a>
captureScreen method called
<a href='C:\Users\yashi.agrawal\Downloads\LifeSpeed_Stability (1)\LifeSpeed_Stability\src\test\java\screenshot\TC02[1]clickOnLink_09_01_2024_03_14_59.png'><img src='C:\Users\yashi.agrawal\Downloads\LifeSpeed_Stability (1)\LifeSpeed_Stability\src\test\java\screenshot\TC02[1]clickOnLink_09_01_2024_03_14_59.png'height='100' width='100'/></a>]]>
  </system-out>
</testsuite> <!-- testController.TestController -->
