<?xml version="1.0" encoding="UTF-8"?>
<!-- Generated by org.testng.reporters.JUnitReportReporter -->
<testsuite hostname="4N30FV2" failures="0" tests="1" name="testController.TestController" time="1448.005" errors="1" timestamp="2024-08-02T18:26:37 IST" skipped="0">
  <testcase classname="testController.TestController" name="TestCaseController" time="1448.005">
    <error message="keywords.Keywords.Keyword()" type="java.lang.NoSuchMethodException">
      <![CDATA[java.lang.NoSuchMethodException: keywords.Keywords.Keyword()
at java.base/java.lang.Class.getMethod(Class.java:2227)
at testController.TestController.TestCaseController(TestController.java:95)
at java.base/jdk.internal.reflect.NativeMethodAccessorImpl.invoke0(Native Method)
at java.base/jdk.internal.reflect.NativeMethodAccessorImpl.invoke(NativeMethodAccessorImpl.java:77)
at java.base/jdk.internal.reflect.DelegatingMethodAccessorImpl.invoke(DelegatingMethodAccessorImpl.java:43)
at java.base/java.lang.reflect.Method.invoke(Method.java:568)
at org.testng.internal.invokers.MethodInvocationHelper.invokeMethod(MethodInvocationHelper.java:141)
at org.testng.internal.invokers.TestInvoker.invokeMethod(TestInvoker.java:686)
at org.testng.internal.invokers.TestInvoker.invokeTestMethod(TestInvoker.java:230)
at org.testng.internal.invokers.MethodRunner.runInSequence(MethodRunner.java:63)
at org.testng.internal.invokers.TestInvoker$MethodInvocationAgent.invoke(TestInvoker.java:992)
at org.testng.internal.invokers.TestInvoker.invokeTestMethods(TestInvoker.java:203)
at org.testng.internal.invokers.TestMethodWorker.invokeTestMethods(TestMethodWorker.java:154)
at org.testng.internal.invokers.TestMethodWorker.run(TestMethodWorker.java:134)
at java.base/java.util.ArrayList.forEach(ArrayList.java:1511)
at org.testng.TestRunner.privateRun(TestRunner.java:739)
at org.testng.TestRunner.run(TestRunner.java:614)
at org.testng.SuiteRunner.runTest(SuiteRunner.java:421)
at org.testng.SuiteRunner.runSequentially(SuiteRunner.java:413)
at org.testng.SuiteRunner.privateRun(SuiteRunner.java:373)
at org.testng.SuiteRunner.run(SuiteRunner.java:312)
at org.testng.SuiteRunnerWorker.runSuite(SuiteRunnerWorker.java:52)
at org.testng.SuiteRunnerWorker.run(SuiteRunnerWorker.java:95)
at org.testng.TestNG.runSuitesSequentially(TestNG.java:1274)
at org.testng.TestNG.runSuitesLocally(TestNG.java:1208)
at org.testng.TestNG.runSuites(TestNG.java:1112)
at org.testng.TestNG.run(TestNG.java:1079)
at org.testng.remote.AbstractRemoteTestNG.run(AbstractRemoteTestNG.java:115)
at org.testng.remote.RemoteTestNG.initAndRun(RemoteTestNG.java:293)
at org.testng.remote.RemoteTestNG.main(RemoteTestNG.java:91)
]]>
    </error>
    <system-out>
      <![CDATA[captureScreen method called
<a href='C:\Users\agraway\Desktop\LifeSpeed-mainy\LifeSpeed-main\src\test\java\screenshot\TC02[1]inputText_02_08_2024_06_03_49.png'><img src='C:\Users\agraway\Desktop\LifeSpeed-mainy\LifeSpeed-main\src\test\java\screenshot\TC02[1]inputText_02_08_2024_06_03_49.png'height='100' width='100'/></a>
captureScreen method called
<a href='C:\Users\agraway\Desktop\LifeSpeed-mainy\LifeSpeed-main\src\test\java\screenshot\TC02[1]clickRadioButton_02_08_2024_06_03_59.png'><img src='C:\Users\agraway\Desktop\LifeSpeed-mainy\LifeSpeed-main\src\test\java\screenshot\TC02[1]clickRadioButton_02_08_2024_06_03_59.png'height='100' width='100'/></a>
captureScreen method called
<a href='C:\Users\agraway\Desktop\LifeSpeed-mainy\LifeSpeed-main\src\test\java\screenshot\TC02[1]inputText_02_08_2024_06_05_46.png'><img src='C:\Users\agraway\Desktop\LifeSpeed-mainy\LifeSpeed-main\src\test\java\screenshot\TC02[1]inputText_02_08_2024_06_05_46.png'height='100' width='100'/></a>
captureScreen method called
<a href='C:\Users\agraway\Desktop\LifeSpeed-mainy\LifeSpeed-main\src\test\java\screenshot\TC02[1]selectByVisibleText_02_08_2024_06_07_02.png'><img src='C:\Users\agraway\Desktop\LifeSpeed-mainy\LifeSpeed-main\src\test\java\screenshot\TC02[1]selectByVisibleText_02_08_2024_06_07_02.png'height='100' width='100'/></a>
captureScreen method called
<a href='C:\Users\agraway\Desktop\LifeSpeed-mainy\LifeSpeed-main\src\test\java\screenshot\TC02[1]inputText_02_08_2024_06_07_18.png'><img src='C:\Users\agraway\Desktop\LifeSpeed-mainy\LifeSpeed-main\src\test\java\screenshot\TC02[1]inputText_02_08_2024_06_07_18.png'height='100' width='100'/></a>
captureScreen method called
<a href='C:\Users\agraway\Desktop\LifeSpeed-mainy\LifeSpeed-main\src\test\java\screenshot\TC02[1]inputText_02_08_2024_06_09_11.png'><img src='C:\Users\agraway\Desktop\LifeSpeed-mainy\LifeSpeed-main\src\test\java\screenshot\TC02[1]inputText_02_08_2024_06_09_11.png'height='100' width='100'/></a>
captureScreen method called
<a href='C:\Users\agraway\Desktop\LifeSpeed-mainy\LifeSpeed-main\src\test\java\screenshot\TC02[1]inputText_02_08_2024_06_10_01.png'><img src='C:\Users\agraway\Desktop\LifeSpeed-mainy\LifeSpeed-main\src\test\java\screenshot\TC02[1]inputText_02_08_2024_06_10_01.png'height='100' width='100'/></a>
captureScreen method called
<a href='C:\Users\agraway\Desktop\LifeSpeed-mainy\LifeSpeed-main\src\test\java\screenshot\TC02[1]inputText_02_08_2024_06_10_52.png'><img src='C:\Users\agraway\Desktop\LifeSpeed-mainy\LifeSpeed-main\src\test\java\screenshot\TC02[1]inputText_02_08_2024_06_10_52.png'height='100' width='100'/></a>
captureScreen method called
<a href='C:\Users\agraway\Desktop\LifeSpeed-mainy\LifeSpeed-main\src\test\java\screenshot\TC02[1]verifyText_02_08_2024_06_12_21.png'><img src='C:\Users\agraway\Desktop\LifeSpeed-mainy\LifeSpeed-main\src\test\java\screenshot\TC02[1]verifyText_02_08_2024_06_12_21.png'height='100' width='100'/></a>
captureScreen method called
<a href='C:\Users\agraway\Desktop\LifeSpeed-mainy\LifeSpeed-main\src\test\java\screenshot\TC02[1]clickOnLink_02_08_2024_06_14_11.png'><img src='C:\Users\agraway\Desktop\LifeSpeed-mainy\LifeSpeed-main\src\test\java\screenshot\TC02[1]clickOnLink_02_08_2024_06_14_11.png'height='100' width='100'/></a>
captureScreen method called
<a href='C:\Users\agraway\Desktop\LifeSpeed-mainy\LifeSpeed-main\src\test\java\screenshot\TC02[1]clickRadioButton_02_08_2024_06_14_21.png'><img src='C:\Users\agraway\Desktop\LifeSpeed-mainy\LifeSpeed-main\src\test\java\screenshot\TC02[1]clickRadioButton_02_08_2024_06_14_21.png'height='100' width='100'/></a>
captureScreen method called
<a href='C:\Users\agraway\Desktop\LifeSpeed-mainy\LifeSpeed-main\src\test\java\screenshot\TC02[1]clickRadioButton_02_08_2024_06_14_32.png'><img src='C:\Users\agraway\Desktop\LifeSpeed-mainy\LifeSpeed-main\src\test\java\screenshot\TC02[1]clickRadioButton_02_08_2024_06_14_32.png'height='100' width='100'/></a>
captureScreen method called
<a href='C:\Users\agraway\Desktop\LifeSpeed-mainy\LifeSpeed-main\src\test\java\screenshot\TC02[1]inputText_02_08_2024_06_14_42.png'><img src='C:\Users\agraway\Desktop\LifeSpeed-mainy\LifeSpeed-main\src\test\java\screenshot\TC02[1]inputText_02_08_2024_06_14_42.png'height='100' width='100'/></a>
captureScreen method called
<a href='C:\Users\agraway\Desktop\LifeSpeed-mainy\LifeSpeed-main\src\test\java\screenshot\TC02[1]clickRadioButton_02_08_2024_06_14_52.png'><img src='C:\Users\agraway\Desktop\LifeSpeed-mainy\LifeSpeed-main\src\test\java\screenshot\TC02[1]clickRadioButton_02_08_2024_06_14_52.png'height='100' width='100'/></a>
captureScreen method called
<a href='C:\Users\agraway\Desktop\LifeSpeed-mainy\LifeSpeed-main\src\test\java\screenshot\TC02[1]inputText_02_08_2024_06_15_02.png'><img src='C:\Users\agraway\Desktop\LifeSpeed-mainy\LifeSpeed-main\src\test\java\screenshot\TC02[1]inputText_02_08_2024_06_15_02.png'height='100' width='100'/></a>
captureScreen method called
<a href='C:\Users\agraway\Desktop\LifeSpeed-mainy\LifeSpeed-main\src\test\java\screenshot\TC02[1]clickRadioButton_02_08_2024_06_15_12.png'><img src='C:\Users\agraway\Desktop\LifeSpeed-mainy\LifeSpeed-main\src\test\java\screenshot\TC02[1]clickRadioButton_02_08_2024_06_15_12.png'height='100' width='100'/></a>
captureScreen method called
<a href='C:\Users\agraway\Desktop\LifeSpeed-mainy\LifeSpeed-main\src\test\java\screenshot\TC02[1]clickRadioButton_02_08_2024_06_15_22.png'><img src='C:\Users\agraway\Desktop\LifeSpeed-mainy\LifeSpeed-main\src\test\java\screenshot\TC02[1]clickRadioButton_02_08_2024_06_15_22.png'height='100' width='100'/></a>
captureScreen method called
<a href='C:\Users\agraway\Desktop\LifeSpeed-mainy\LifeSpeed-main\src\test\java\screenshot\TC02[1]clickRadioButton_02_08_2024_06_15_32.png'><img src='C:\Users\agraway\Desktop\LifeSpeed-mainy\LifeSpeed-main\src\test\java\screenshot\TC02[1]clickRadioButton_02_08_2024_06_15_32.png'height='100' width='100'/></a>
captureScreen method called
<a href='C:\Users\agraway\Desktop\LifeSpeed-mainy\LifeSpeed-main\src\test\java\screenshot\TC02[1]clickRadioButton_02_08_2024_06_15_42.png'><img src='C:\Users\agraway\Desktop\LifeSpeed-mainy\LifeSpeed-main\src\test\java\screenshot\TC02[1]clickRadioButton_02_08_2024_06_15_42.png'height='100' width='100'/></a>
captureScreen method called
<a href='C:\Users\agraway\Desktop\LifeSpeed-mainy\LifeSpeed-main\src\test\java\screenshot\TC02[1]clickRadioButton_02_08_2024_06_15_52.png'><img src='C:\Users\agraway\Desktop\LifeSpeed-mainy\LifeSpeed-main\src\test\java\screenshot\TC02[1]clickRadioButton_02_08_2024_06_15_52.png'height='100' width='100'/></a>
captureScreen method called
<a href='C:\Users\agraway\Desktop\LifeSpeed-mainy\LifeSpeed-main\src\test\java\screenshot\TC02[1]clickRadioButton_02_08_2024_06_16_02.png'><img src='C:\Users\agraway\Desktop\LifeSpeed-mainy\LifeSpeed-main\src\test\java\screenshot\TC02[1]clickRadioButton_02_08_2024_06_16_02.png'height='100' width='100'/></a>
captureScreen method called
<a href='C:\Users\agraway\Desktop\LifeSpeed-mainy\LifeSpeed-main\src\test\java\screenshot\TC02[1]clickRadioButton_02_08_2024_06_16_12.png'><img src='C:\Users\agraway\Desktop\LifeSpeed-mainy\LifeSpeed-main\src\test\java\screenshot\TC02[1]clickRadioButton_02_08_2024_06_16_12.png'height='100' width='100'/></a>
captureScreen method called
<a href='C:\Users\agraway\Desktop\LifeSpeed-mainy\LifeSpeed-main\src\test\java\screenshot\TC02[1]inputText_02_08_2024_06_16_22.png'><img src='C:\Users\agraway\Desktop\LifeSpeed-mainy\LifeSpeed-main\src\test\java\screenshot\TC02[1]inputText_02_08_2024_06_16_22.png'height='100' width='100'/></a>
captureScreen method called
<a href='C:\Users\agraway\Desktop\LifeSpeed-mainy\LifeSpeed-main\src\test\java\screenshot\TC02[1]inputText_02_08_2024_06_16_32.png'><img src='C:\Users\agraway\Desktop\LifeSpeed-mainy\LifeSpeed-main\src\test\java\screenshot\TC02[1]inputText_02_08_2024_06_16_32.png'height='100' width='100'/></a>
captureScreen method called
<a href='C:\Users\agraway\Desktop\LifeSpeed-mainy\LifeSpeed-main\src\test\java\screenshot\TC02[1]inputText_02_08_2024_06_16_42.png'><img src='C:\Users\agraway\Desktop\LifeSpeed-mainy\LifeSpeed-main\src\test\java\screenshot\TC02[1]inputText_02_08_2024_06_16_42.png'height='100' width='100'/></a>
captureScreen method called
<a href='C:\Users\agraway\Desktop\LifeSpeed-mainy\LifeSpeed-main\src\test\java\screenshot\TC02[1]inputText_02_08_2024_06_16_52.png'><img src='C:\Users\agraway\Desktop\LifeSpeed-mainy\LifeSpeed-main\src\test\java\screenshot\TC02[1]inputText_02_08_2024_06_16_52.png'height='100' width='100'/></a>
captureScreen method called
<a href='C:\Users\agraway\Desktop\LifeSpeed-mainy\LifeSpeed-main\src\test\java\screenshot\TC02[1]clickOnLink_02_08_2024_06_17_02.png'><img src='C:\Users\agraway\Desktop\LifeSpeed-mainy\LifeSpeed-main\src\test\java\screenshot\TC02[1]clickOnLink_02_08_2024_06_17_02.png'height='100' width='100'/></a>
captureScreen method called
<a href='C:\Users\agraway\Desktop\LifeSpeed-mainy\LifeSpeed-main\src\test\java\screenshot\TC02[1]inputText_02_08_2024_06_17_12.png'><img src='C:\Users\agraway\Desktop\LifeSpeed-mainy\LifeSpeed-main\src\test\java\screenshot\TC02[1]inputText_02_08_2024_06_17_12.png'height='100' width='100'/></a>
captureScreen method called
<a href='C:\Users\agraway\Desktop\LifeSpeed-mainy\LifeSpeed-main\src\test\java\screenshot\TC02[1]inputText_02_08_2024_06_17_22.png'><img src='C:\Users\agraway\Desktop\LifeSpeed-mainy\LifeSpeed-main\src\test\java\screenshot\TC02[1]inputText_02_08_2024_06_17_22.png'height='100' width='100'/></a>
captureScreen method called
<a href='C:\Users\agraway\Desktop\LifeSpeed-mainy\LifeSpeed-main\src\test\java\screenshot\TC02[1]inputText_02_08_2024_06_17_33.png'><img src='C:\Users\agraway\Desktop\LifeSpeed-mainy\LifeSpeed-main\src\test\java\screenshot\TC02[1]inputText_02_08_2024_06_17_33.png'height='100' width='100'/></a>
captureScreen method called
<a href='C:\Users\agraway\Desktop\LifeSpeed-mainy\LifeSpeed-main\src\test\java\screenshot\TC02[1]inputText_02_08_2024_06_17_43.png'><img src='C:\Users\agraway\Desktop\LifeSpeed-mainy\LifeSpeed-main\src\test\java\screenshot\TC02[1]inputText_02_08_2024_06_17_43.png'height='100' width='100'/></a>
captureScreen method called
<a href='C:\Users\agraway\Desktop\LifeSpeed-mainy\LifeSpeed-main\src\test\java\screenshot\TC02[1]clickRadioButton_02_08_2024_06_17_53.png'><img src='C:\Users\agraway\Desktop\LifeSpeed-mainy\LifeSpeed-main\src\test\java\screenshot\TC02[1]clickRadioButton_02_08_2024_06_17_53.png'height='100' width='100'/></a>
captureScreen method called
<a href='C:\Users\agraway\Desktop\LifeSpeed-mainy\LifeSpeed-main\src\test\java\screenshot\TC02[1]inputText_02_08_2024_06_18_03.png'><img src='C:\Users\agraway\Desktop\LifeSpeed-mainy\LifeSpeed-main\src\test\java\screenshot\TC02[1]inputText_02_08_2024_06_18_03.png'height='100' width='100'/></a>
captureScreen method called
<a href='C:\Users\agraway\Desktop\LifeSpeed-mainy\LifeSpeed-main\src\test\java\screenshot\TC02[1]inputText_02_08_2024_06_18_13.png'><img src='C:\Users\agraway\Desktop\LifeSpeed-mainy\LifeSpeed-main\src\test\java\screenshot\TC02[1]inputText_02_08_2024_06_18_13.png'height='100' width='100'/></a>
captureScreen method called
<a href='C:\Users\agraway\Desktop\LifeSpeed-mainy\LifeSpeed-main\src\test\java\screenshot\TC02[1]inputText_02_08_2024_06_18_23.png'><img src='C:\Users\agraway\Desktop\LifeSpeed-mainy\LifeSpeed-main\src\test\java\screenshot\TC02[1]inputText_02_08_2024_06_18_23.png'height='100' width='100'/></a>
captureScreen method called
<a href='C:\Users\agraway\Desktop\LifeSpeed-mainy\LifeSpeed-main\src\test\java\screenshot\TC02[1]inputText_02_08_2024_06_18_33.png'><img src='C:\Users\agraway\Desktop\LifeSpeed-mainy\LifeSpeed-main\src\test\java\screenshot\TC02[1]inputText_02_08_2024_06_18_33.png'height='100' width='100'/></a>
captureScreen method called
<a href='C:\Users\agraway\Desktop\LifeSpeed-mainy\LifeSpeed-main\src\test\java\screenshot\TC02[1]clickOnLink_02_08_2024_06_18_59.png'><img src='C:\Users\agraway\Desktop\LifeSpeed-mainy\LifeSpeed-main\src\test\java\screenshot\TC02[1]clickOnLink_02_08_2024_06_18_59.png'height='100' width='100'/></a>
captureScreen method called
<a href='C:\Users\agraway\Desktop\LifeSpeed-mainy\LifeSpeed-main\src\test\java\screenshot\TC02[1]clickOnLink_02_08_2024_06_19_41.png'><img src='C:\Users\agraway\Desktop\LifeSpeed-mainy\LifeSpeed-main\src\test\java\screenshot\TC02[1]clickOnLink_02_08_2024_06_19_41.png'height='100' width='100'/></a>
captureScreen method called
<a href='C:\Users\agraway\Desktop\LifeSpeed-mainy\LifeSpeed-main\src\test\java\screenshot\TC02[1]clickOnLink_02_08_2024_06_20_07.png'><img src='C:\Users\agraway\Desktop\LifeSpeed-mainy\LifeSpeed-main\src\test\java\screenshot\TC02[1]clickOnLink_02_08_2024_06_20_07.png'height='100' width='100'/></a>
captureScreen method called
<a href='C:\Users\agraway\Desktop\LifeSpeed-mainy\LifeSpeed-main\src\test\java\screenshot\TC02[1]verifyText_02_08_2024_06_21_37.png'><img src='C:\Users\agraway\Desktop\LifeSpeed-mainy\LifeSpeed-main\src\test\java\screenshot\TC02[1]verifyText_02_08_2024_06_21_37.png'height='100' width='100'/></a>
captureScreen method called
<a href='C:\Users\agraway\Desktop\LifeSpeed-mainy\LifeSpeed-main\src\test\java\screenshot\TC02[1]clickOnLink_02_08_2024_06_21_47.png'><img src='C:\Users\agraway\Desktop\LifeSpeed-mainy\LifeSpeed-main\src\test\java\screenshot\TC02[1]clickOnLink_02_08_2024_06_21_47.png'height='100' width='100'/></a>
captureScreen method called
<a href='C:\Users\agraway\Desktop\LifeSpeed-mainy\LifeSpeed-main\src\test\java\screenshot\TC02[1]selectByVisibleText_02_08_2024_06_21_57.png'><img src='C:\Users\agraway\Desktop\LifeSpeed-mainy\LifeSpeed-main\src\test\java\screenshot\TC02[1]selectByVisibleText_02_08_2024_06_21_57.png'height='100' width='100'/></a>
captureScreen method called
<a href='C:\Users\agraway\Desktop\LifeSpeed-mainy\LifeSpeed-main\src\test\java\screenshot\TC02[1]inputText_02_08_2024_06_22_07.png'><img src='C:\Users\agraway\Desktop\LifeSpeed-mainy\LifeSpeed-main\src\test\java\screenshot\TC02[1]inputText_02_08_2024_06_22_07.png'height='100' width='100'/></a>
captureScreen method called
<a href='C:\Users\agraway\Desktop\LifeSpeed-mainy\LifeSpeed-main\src\test\java\screenshot\TC02[1]clickOnLink_02_08_2024_06_22_17.png'><img src='C:\Users\agraway\Desktop\LifeSpeed-mainy\LifeSpeed-main\src\test\java\screenshot\TC02[1]clickOnLink_02_08_2024_06_22_17.png'height='100' width='100'/></a>
captureScreen method called
<a href='C:\Users\agraway\Desktop\LifeSpeed-mainy\LifeSpeed-main\src\test\java\screenshot\TC02[1]clickOnLink_02_08_2024_06_22_43.png'><img src='C:\Users\agraway\Desktop\LifeSpeed-mainy\LifeSpeed-main\src\test\java\screenshot\TC02[1]clickOnLink_02_08_2024_06_22_43.png'height='100' width='100'/></a>
captureScreen method called
<a href='C:\Users\agraway\Desktop\LifeSpeed-mainy\LifeSpeed-main\src\test\java\screenshot\TC02[1]selectByVisibleText_02_08_2024_06_23_09.png'><img src='C:\Users\agraway\Desktop\LifeSpeed-mainy\LifeSpeed-main\src\test\java\screenshot\TC02[1]selectByVisibleText_02_08_2024_06_23_09.png'height='100' width='100'/></a>
captureScreen method called
<a href='C:\Users\agraway\Desktop\LifeSpeed-mainy\LifeSpeed-main\src\test\java\screenshot\TC02[1]inputText_02_08_2024_06_23_20.png'><img src='C:\Users\agraway\Desktop\LifeSpeed-mainy\LifeSpeed-main\src\test\java\screenshot\TC02[1]inputText_02_08_2024_06_23_20.png'height='100' width='100'/></a>
captureScreen method called
<a href='C:\Users\agraway\Desktop\LifeSpeed-mainy\LifeSpeed-main\src\test\java\screenshot\TC02[1]clickOnLink_02_08_2024_06_23_30.png'><img src='C:\Users\agraway\Desktop\LifeSpeed-mainy\LifeSpeed-main\src\test\java\screenshot\TC02[1]clickOnLink_02_08_2024_06_23_30.png'height='100' width='100'/></a>
captureScreen method called
<a href='C:\Users\agraway\Desktop\LifeSpeed-mainy\LifeSpeed-main\src\test\java\screenshot\TC02[1]clickOnLink_02_08_2024_06_23_56.png'><img src='C:\Users\agraway\Desktop\LifeSpeed-mainy\LifeSpeed-main\src\test\java\screenshot\TC02[1]clickOnLink_02_08_2024_06_23_56.png'height='100' width='100'/></a>]]>
    </system-out>
  </testcase> <!-- TestCaseController -->
  <system-out>
    <![CDATA[captureScreen method called
<a href='C:\Users\agraway\Desktop\LifeSpeed-mainy\LifeSpeed-main\src\test\java\screenshot\TC02[1]inputText_02_08_2024_06_03_49.png'><img src='C:\Users\agraway\Desktop\LifeSpeed-mainy\LifeSpeed-main\src\test\java\screenshot\TC02[1]inputText_02_08_2024_06_03_49.png'height='100' width='100'/></a>
captureScreen method called
<a href='C:\Users\agraway\Desktop\LifeSpeed-mainy\LifeSpeed-main\src\test\java\screenshot\TC02[1]clickRadioButton_02_08_2024_06_03_59.png'><img src='C:\Users\agraway\Desktop\LifeSpeed-mainy\LifeSpeed-main\src\test\java\screenshot\TC02[1]clickRadioButton_02_08_2024_06_03_59.png'height='100' width='100'/></a>
captureScreen method called
<a href='C:\Users\agraway\Desktop\LifeSpeed-mainy\LifeSpeed-main\src\test\java\screenshot\TC02[1]inputText_02_08_2024_06_05_46.png'><img src='C:\Users\agraway\Desktop\LifeSpeed-mainy\LifeSpeed-main\src\test\java\screenshot\TC02[1]inputText_02_08_2024_06_05_46.png'height='100' width='100'/></a>
captureScreen method called
<a href='C:\Users\agraway\Desktop\LifeSpeed-mainy\LifeSpeed-main\src\test\java\screenshot\TC02[1]selectByVisibleText_02_08_2024_06_07_02.png'><img src='C:\Users\agraway\Desktop\LifeSpeed-mainy\LifeSpeed-main\src\test\java\screenshot\TC02[1]selectByVisibleText_02_08_2024_06_07_02.png'height='100' width='100'/></a>
captureScreen method called
<a href='C:\Users\agraway\Desktop\LifeSpeed-mainy\LifeSpeed-main\src\test\java\screenshot\TC02[1]inputText_02_08_2024_06_07_18.png'><img src='C:\Users\agraway\Desktop\LifeSpeed-mainy\LifeSpeed-main\src\test\java\screenshot\TC02[1]inputText_02_08_2024_06_07_18.png'height='100' width='100'/></a>
captureScreen method called
<a href='C:\Users\agraway\Desktop\LifeSpeed-mainy\LifeSpeed-main\src\test\java\screenshot\TC02[1]inputText_02_08_2024_06_09_11.png'><img src='C:\Users\agraway\Desktop\LifeSpeed-mainy\LifeSpeed-main\src\test\java\screenshot\TC02[1]inputText_02_08_2024_06_09_11.png'height='100' width='100'/></a>
captureScreen method called
<a href='C:\Users\agraway\Desktop\LifeSpeed-mainy\LifeSpeed-main\src\test\java\screenshot\TC02[1]inputText_02_08_2024_06_10_01.png'><img src='C:\Users\agraway\Desktop\LifeSpeed-mainy\LifeSpeed-main\src\test\java\screenshot\TC02[1]inputText_02_08_2024_06_10_01.png'height='100' width='100'/></a>
captureScreen method called
<a href='C:\Users\agraway\Desktop\LifeSpeed-mainy\LifeSpeed-main\src\test\java\screenshot\TC02[1]inputText_02_08_2024_06_10_52.png'><img src='C:\Users\agraway\Desktop\LifeSpeed-mainy\LifeSpeed-main\src\test\java\screenshot\TC02[1]inputText_02_08_2024_06_10_52.png'height='100' width='100'/></a>
captureScreen method called
<a href='C:\Users\agraway\Desktop\LifeSpeed-mainy\LifeSpeed-main\src\test\java\screenshot\TC02[1]verifyText_02_08_2024_06_12_21.png'><img src='C:\Users\agraway\Desktop\LifeSpeed-mainy\LifeSpeed-main\src\test\java\screenshot\TC02[1]verifyText_02_08_2024_06_12_21.png'height='100' width='100'/></a>
captureScreen method called
<a href='C:\Users\agraway\Desktop\LifeSpeed-mainy\LifeSpeed-main\src\test\java\screenshot\TC02[1]clickOnLink_02_08_2024_06_14_11.png'><img src='C:\Users\agraway\Desktop\LifeSpeed-mainy\LifeSpeed-main\src\test\java\screenshot\TC02[1]clickOnLink_02_08_2024_06_14_11.png'height='100' width='100'/></a>
captureScreen method called
<a href='C:\Users\agraway\Desktop\LifeSpeed-mainy\LifeSpeed-main\src\test\java\screenshot\TC02[1]clickRadioButton_02_08_2024_06_14_21.png'><img src='C:\Users\agraway\Desktop\LifeSpeed-mainy\LifeSpeed-main\src\test\java\screenshot\TC02[1]clickRadioButton_02_08_2024_06_14_21.png'height='100' width='100'/></a>
captureScreen method called
<a href='C:\Users\agraway\Desktop\LifeSpeed-mainy\LifeSpeed-main\src\test\java\screenshot\TC02[1]clickRadioButton_02_08_2024_06_14_32.png'><img src='C:\Users\agraway\Desktop\LifeSpeed-mainy\LifeSpeed-main\src\test\java\screenshot\TC02[1]clickRadioButton_02_08_2024_06_14_32.png'height='100' width='100'/></a>
captureScreen method called
<a href='C:\Users\agraway\Desktop\LifeSpeed-mainy\LifeSpeed-main\src\test\java\screenshot\TC02[1]inputText_02_08_2024_06_14_42.png'><img src='C:\Users\agraway\Desktop\LifeSpeed-mainy\LifeSpeed-main\src\test\java\screenshot\TC02[1]inputText_02_08_2024_06_14_42.png'height='100' width='100'/></a>
captureScreen method called
<a href='C:\Users\agraway\Desktop\LifeSpeed-mainy\LifeSpeed-main\src\test\java\screenshot\TC02[1]clickRadioButton_02_08_2024_06_14_52.png'><img src='C:\Users\agraway\Desktop\LifeSpeed-mainy\LifeSpeed-main\src\test\java\screenshot\TC02[1]clickRadioButton_02_08_2024_06_14_52.png'height='100' width='100'/></a>
captureScreen method called
<a href='C:\Users\agraway\Desktop\LifeSpeed-mainy\LifeSpeed-main\src\test\java\screenshot\TC02[1]inputText_02_08_2024_06_15_02.png'><img src='C:\Users\agraway\Desktop\LifeSpeed-mainy\LifeSpeed-main\src\test\java\screenshot\TC02[1]inputText_02_08_2024_06_15_02.png'height='100' width='100'/></a>
captureScreen method called
<a href='C:\Users\agraway\Desktop\LifeSpeed-mainy\LifeSpeed-main\src\test\java\screenshot\TC02[1]clickRadioButton_02_08_2024_06_15_12.png'><img src='C:\Users\agraway\Desktop\LifeSpeed-mainy\LifeSpeed-main\src\test\java\screenshot\TC02[1]clickRadioButton_02_08_2024_06_15_12.png'height='100' width='100'/></a>
captureScreen method called
<a href='C:\Users\agraway\Desktop\LifeSpeed-mainy\LifeSpeed-main\src\test\java\screenshot\TC02[1]clickRadioButton_02_08_2024_06_15_22.png'><img src='C:\Users\agraway\Desktop\LifeSpeed-mainy\LifeSpeed-main\src\test\java\screenshot\TC02[1]clickRadioButton_02_08_2024_06_15_22.png'height='100' width='100'/></a>
captureScreen method called
<a href='C:\Users\agraway\Desktop\LifeSpeed-mainy\LifeSpeed-main\src\test\java\screenshot\TC02[1]clickRadioButton_02_08_2024_06_15_32.png'><img src='C:\Users\agraway\Desktop\LifeSpeed-mainy\LifeSpeed-main\src\test\java\screenshot\TC02[1]clickRadioButton_02_08_2024_06_15_32.png'height='100' width='100'/></a>
captureScreen method called
<a href='C:\Users\agraway\Desktop\LifeSpeed-mainy\LifeSpeed-main\src\test\java\screenshot\TC02[1]clickRadioButton_02_08_2024_06_15_42.png'><img src='C:\Users\agraway\Desktop\LifeSpeed-mainy\LifeSpeed-main\src\test\java\screenshot\TC02[1]clickRadioButton_02_08_2024_06_15_42.png'height='100' width='100'/></a>
captureScreen method called
<a href='C:\Users\agraway\Desktop\LifeSpeed-mainy\LifeSpeed-main\src\test\java\screenshot\TC02[1]clickRadioButton_02_08_2024_06_15_52.png'><img src='C:\Users\agraway\Desktop\LifeSpeed-mainy\LifeSpeed-main\src\test\java\screenshot\TC02[1]clickRadioButton_02_08_2024_06_15_52.png'height='100' width='100'/></a>
captureScreen method called
<a href='C:\Users\agraway\Desktop\LifeSpeed-mainy\LifeSpeed-main\src\test\java\screenshot\TC02[1]clickRadioButton_02_08_2024_06_16_02.png'><img src='C:\Users\agraway\Desktop\LifeSpeed-mainy\LifeSpeed-main\src\test\java\screenshot\TC02[1]clickRadioButton_02_08_2024_06_16_02.png'height='100' width='100'/></a>
captureScreen method called
<a href='C:\Users\agraway\Desktop\LifeSpeed-mainy\LifeSpeed-main\src\test\java\screenshot\TC02[1]clickRadioButton_02_08_2024_06_16_12.png'><img src='C:\Users\agraway\Desktop\LifeSpeed-mainy\LifeSpeed-main\src\test\java\screenshot\TC02[1]clickRadioButton_02_08_2024_06_16_12.png'height='100' width='100'/></a>
captureScreen method called
<a href='C:\Users\agraway\Desktop\LifeSpeed-mainy\LifeSpeed-main\src\test\java\screenshot\TC02[1]inputText_02_08_2024_06_16_22.png'><img src='C:\Users\agraway\Desktop\LifeSpeed-mainy\LifeSpeed-main\src\test\java\screenshot\TC02[1]inputText_02_08_2024_06_16_22.png'height='100' width='100'/></a>
captureScreen method called
<a href='C:\Users\agraway\Desktop\LifeSpeed-mainy\LifeSpeed-main\src\test\java\screenshot\TC02[1]inputText_02_08_2024_06_16_32.png'><img src='C:\Users\agraway\Desktop\LifeSpeed-mainy\LifeSpeed-main\src\test\java\screenshot\TC02[1]inputText_02_08_2024_06_16_32.png'height='100' width='100'/></a>
captureScreen method called
<a href='C:\Users\agraway\Desktop\LifeSpeed-mainy\LifeSpeed-main\src\test\java\screenshot\TC02[1]inputText_02_08_2024_06_16_42.png'><img src='C:\Users\agraway\Desktop\LifeSpeed-mainy\LifeSpeed-main\src\test\java\screenshot\TC02[1]inputText_02_08_2024_06_16_42.png'height='100' width='100'/></a>
captureScreen method called
<a href='C:\Users\agraway\Desktop\LifeSpeed-mainy\LifeSpeed-main\src\test\java\screenshot\TC02[1]inputText_02_08_2024_06_16_52.png'><img src='C:\Users\agraway\Desktop\LifeSpeed-mainy\LifeSpeed-main\src\test\java\screenshot\TC02[1]inputText_02_08_2024_06_16_52.png'height='100' width='100'/></a>
captureScreen method called
<a href='C:\Users\agraway\Desktop\LifeSpeed-mainy\LifeSpeed-main\src\test\java\screenshot\TC02[1]clickOnLink_02_08_2024_06_17_02.png'><img src='C:\Users\agraway\Desktop\LifeSpeed-mainy\LifeSpeed-main\src\test\java\screenshot\TC02[1]clickOnLink_02_08_2024_06_17_02.png'height='100' width='100'/></a>
captureScreen method called
<a href='C:\Users\agraway\Desktop\LifeSpeed-mainy\LifeSpeed-main\src\test\java\screenshot\TC02[1]inputText_02_08_2024_06_17_12.png'><img src='C:\Users\agraway\Desktop\LifeSpeed-mainy\LifeSpeed-main\src\test\java\screenshot\TC02[1]inputText_02_08_2024_06_17_12.png'height='100' width='100'/></a>
captureScreen method called
<a href='C:\Users\agraway\Desktop\LifeSpeed-mainy\LifeSpeed-main\src\test\java\screenshot\TC02[1]inputText_02_08_2024_06_17_22.png'><img src='C:\Users\agraway\Desktop\LifeSpeed-mainy\LifeSpeed-main\src\test\java\screenshot\TC02[1]inputText_02_08_2024_06_17_22.png'height='100' width='100'/></a>
captureScreen method called
<a href='C:\Users\agraway\Desktop\LifeSpeed-mainy\LifeSpeed-main\src\test\java\screenshot\TC02[1]inputText_02_08_2024_06_17_33.png'><img src='C:\Users\agraway\Desktop\LifeSpeed-mainy\LifeSpeed-main\src\test\java\screenshot\TC02[1]inputText_02_08_2024_06_17_33.png'height='100' width='100'/></a>
captureScreen method called
<a href='C:\Users\agraway\Desktop\LifeSpeed-mainy\LifeSpeed-main\src\test\java\screenshot\TC02[1]inputText_02_08_2024_06_17_43.png'><img src='C:\Users\agraway\Desktop\LifeSpeed-mainy\LifeSpeed-main\src\test\java\screenshot\TC02[1]inputText_02_08_2024_06_17_43.png'height='100' width='100'/></a>
captureScreen method called
<a href='C:\Users\agraway\Desktop\LifeSpeed-mainy\LifeSpeed-main\src\test\java\screenshot\TC02[1]clickRadioButton_02_08_2024_06_17_53.png'><img src='C:\Users\agraway\Desktop\LifeSpeed-mainy\LifeSpeed-main\src\test\java\screenshot\TC02[1]clickRadioButton_02_08_2024_06_17_53.png'height='100' width='100'/></a>
captureScreen method called
<a href='C:\Users\agraway\Desktop\LifeSpeed-mainy\LifeSpeed-main\src\test\java\screenshot\TC02[1]inputText_02_08_2024_06_18_03.png'><img src='C:\Users\agraway\Desktop\LifeSpeed-mainy\LifeSpeed-main\src\test\java\screenshot\TC02[1]inputText_02_08_2024_06_18_03.png'height='100' width='100'/></a>
captureScreen method called
<a href='C:\Users\agraway\Desktop\LifeSpeed-mainy\LifeSpeed-main\src\test\java\screenshot\TC02[1]inputText_02_08_2024_06_18_13.png'><img src='C:\Users\agraway\Desktop\LifeSpeed-mainy\LifeSpeed-main\src\test\java\screenshot\TC02[1]inputText_02_08_2024_06_18_13.png'height='100' width='100'/></a>
captureScreen method called
<a href='C:\Users\agraway\Desktop\LifeSpeed-mainy\LifeSpeed-main\src\test\java\screenshot\TC02[1]inputText_02_08_2024_06_18_23.png'><img src='C:\Users\agraway\Desktop\LifeSpeed-mainy\LifeSpeed-main\src\test\java\screenshot\TC02[1]inputText_02_08_2024_06_18_23.png'height='100' width='100'/></a>
captureScreen method called
<a href='C:\Users\agraway\Desktop\LifeSpeed-mainy\LifeSpeed-main\src\test\java\screenshot\TC02[1]inputText_02_08_2024_06_18_33.png'><img src='C:\Users\agraway\Desktop\LifeSpeed-mainy\LifeSpeed-main\src\test\java\screenshot\TC02[1]inputText_02_08_2024_06_18_33.png'height='100' width='100'/></a>
captureScreen method called
<a href='C:\Users\agraway\Desktop\LifeSpeed-mainy\LifeSpeed-main\src\test\java\screenshot\TC02[1]clickOnLink_02_08_2024_06_18_59.png'><img src='C:\Users\agraway\Desktop\LifeSpeed-mainy\LifeSpeed-main\src\test\java\screenshot\TC02[1]clickOnLink_02_08_2024_06_18_59.png'height='100' width='100'/></a>
captureScreen method called
<a href='C:\Users\agraway\Desktop\LifeSpeed-mainy\LifeSpeed-main\src\test\java\screenshot\TC02[1]clickOnLink_02_08_2024_06_19_41.png'><img src='C:\Users\agraway\Desktop\LifeSpeed-mainy\LifeSpeed-main\src\test\java\screenshot\TC02[1]clickOnLink_02_08_2024_06_19_41.png'height='100' width='100'/></a>
captureScreen method called
<a href='C:\Users\agraway\Desktop\LifeSpeed-mainy\LifeSpeed-main\src\test\java\screenshot\TC02[1]clickOnLink_02_08_2024_06_20_07.png'><img src='C:\Users\agraway\Desktop\LifeSpeed-mainy\LifeSpeed-main\src\test\java\screenshot\TC02[1]clickOnLink_02_08_2024_06_20_07.png'height='100' width='100'/></a>
captureScreen method called
<a href='C:\Users\agraway\Desktop\LifeSpeed-mainy\LifeSpeed-main\src\test\java\screenshot\TC02[1]verifyText_02_08_2024_06_21_37.png'><img src='C:\Users\agraway\Desktop\LifeSpeed-mainy\LifeSpeed-main\src\test\java\screenshot\TC02[1]verifyText_02_08_2024_06_21_37.png'height='100' width='100'/></a>
captureScreen method called
<a href='C:\Users\agraway\Desktop\LifeSpeed-mainy\LifeSpeed-main\src\test\java\screenshot\TC02[1]clickOnLink_02_08_2024_06_21_47.png'><img src='C:\Users\agraway\Desktop\LifeSpeed-mainy\LifeSpeed-main\src\test\java\screenshot\TC02[1]clickOnLink_02_08_2024_06_21_47.png'height='100' width='100'/></a>
captureScreen method called
<a href='C:\Users\agraway\Desktop\LifeSpeed-mainy\LifeSpeed-main\src\test\java\screenshot\TC02[1]selectByVisibleText_02_08_2024_06_21_57.png'><img src='C:\Users\agraway\Desktop\LifeSpeed-mainy\LifeSpeed-main\src\test\java\screenshot\TC02[1]selectByVisibleText_02_08_2024_06_21_57.png'height='100' width='100'/></a>
captureScreen method called
<a href='C:\Users\agraway\Desktop\LifeSpeed-mainy\LifeSpeed-main\src\test\java\screenshot\TC02[1]inputText_02_08_2024_06_22_07.png'><img src='C:\Users\agraway\Desktop\LifeSpeed-mainy\LifeSpeed-main\src\test\java\screenshot\TC02[1]inputText_02_08_2024_06_22_07.png'height='100' width='100'/></a>
captureScreen method called
<a href='C:\Users\agraway\Desktop\LifeSpeed-mainy\LifeSpeed-main\src\test\java\screenshot\TC02[1]clickOnLink_02_08_2024_06_22_17.png'><img src='C:\Users\agraway\Desktop\LifeSpeed-mainy\LifeSpeed-main\src\test\java\screenshot\TC02[1]clickOnLink_02_08_2024_06_22_17.png'height='100' width='100'/></a>
captureScreen method called
<a href='C:\Users\agraway\Desktop\LifeSpeed-mainy\LifeSpeed-main\src\test\java\screenshot\TC02[1]clickOnLink_02_08_2024_06_22_43.png'><img src='C:\Users\agraway\Desktop\LifeSpeed-mainy\LifeSpeed-main\src\test\java\screenshot\TC02[1]clickOnLink_02_08_2024_06_22_43.png'height='100' width='100'/></a>
captureScreen method called
<a href='C:\Users\agraway\Desktop\LifeSpeed-mainy\LifeSpeed-main\src\test\java\screenshot\TC02[1]selectByVisibleText_02_08_2024_06_23_09.png'><img src='C:\Users\agraway\Desktop\LifeSpeed-mainy\LifeSpeed-main\src\test\java\screenshot\TC02[1]selectByVisibleText_02_08_2024_06_23_09.png'height='100' width='100'/></a>
captureScreen method called
<a href='C:\Users\agraway\Desktop\LifeSpeed-mainy\LifeSpeed-main\src\test\java\screenshot\TC02[1]inputText_02_08_2024_06_23_20.png'><img src='C:\Users\agraway\Desktop\LifeSpeed-mainy\LifeSpeed-main\src\test\java\screenshot\TC02[1]inputText_02_08_2024_06_23_20.png'height='100' width='100'/></a>
captureScreen method called
<a href='C:\Users\agraway\Desktop\LifeSpeed-mainy\LifeSpeed-main\src\test\java\screenshot\TC02[1]clickOnLink_02_08_2024_06_23_30.png'><img src='C:\Users\agraway\Desktop\LifeSpeed-mainy\LifeSpeed-main\src\test\java\screenshot\TC02[1]clickOnLink_02_08_2024_06_23_30.png'height='100' width='100'/></a>
captureScreen method called
<a href='C:\Users\agraway\Desktop\LifeSpeed-mainy\LifeSpeed-main\src\test\java\screenshot\TC02[1]clickOnLink_02_08_2024_06_23_56.png'><img src='C:\Users\agraway\Desktop\LifeSpeed-mainy\LifeSpeed-main\src\test\java\screenshot\TC02[1]clickOnLink_02_08_2024_06_23_56.png'height='100' width='100'/></a>]]>
  </system-out>
</testsuite> <!-- testController.TestController -->
