<?xml version="1.0" encoding="UTF-8"?>
<!-- Generated by org.testng.reporters.JUnitReportReporter -->
<testsuite hostname="4N30FV2" failures="0" tests="1" name="testController.TestController" time="717.027" errors="1" timestamp="2024-11-04T11:21:17 IST" skipped="0">
  <testcase classname="testController.TestController" name="TestCaseController" time="717.027">
    <error message="object is not an instance of declaring class" type="java.lang.IllegalArgumentException">
      <![CDATA[java.lang.IllegalArgumentException: object is not an instance of declaring class
at java.base/jdk.internal.reflect.NativeMethodAccessorImpl.invoke0(Native Method)
at java.base/jdk.internal.reflect.NativeMethodAccessorImpl.invoke(NativeMethodAccessorImpl.java:77)
at java.base/jdk.internal.reflect.DelegatingMethodAccessorImpl.invoke(DelegatingMethodAccessorImpl.java:43)
at java.base/java.lang.reflect.Method.invoke(Method.java:568)
at testController.TestController.TestCaseController(TestController.java:96)
at java.base/jdk.internal.reflect.NativeMethodAccessorImpl.invoke0(Native Method)
at java.base/jdk.internal.reflect.NativeMethodAccessorImpl.invoke(NativeMethodAccessorImpl.java:77)
at java.base/jdk.internal.reflect.DelegatingMethodAccessorImpl.invoke(DelegatingMethodAccessorImpl.java:43)
at java.base/java.lang.reflect.Method.invoke(Method.java:568)
at org.testng.internal.invokers.MethodInvocationHelper.invokeMethod(MethodInvocationHelper.java:141)
at org.testng.internal.invokers.TestInvoker.invokeMethod(TestInvoker.java:686)
at org.testng.internal.invokers.TestInvoker.invokeTestMethod(TestInvoker.java:230)
at org.testng.internal.invokers.MethodRunner.runInSequence(MethodRunner.java:63)
at org.testng.internal.invokers.TestInvoker$MethodInvocationAgent.invoke(TestInvoker.java:992)
at org.testng.internal.invokers.TestInvoker.invokeTestMethods(TestInvoker.java:203)
at org.testng.internal.invokers.TestMethodWorker.invokeTestMethods(TestMethodWorker.java:154)
at org.testng.internal.invokers.TestMethodWorker.run(TestMethodWorker.java:134)
at java.base/java.util.ArrayList.forEach(ArrayList.java:1511)
at org.testng.TestRunner.privateRun(TestRunner.java:739)
at org.testng.TestRunner.run(TestRunner.java:614)
at org.testng.SuiteRunner.runTest(SuiteRunner.java:421)
at org.testng.SuiteRunner.runSequentially(SuiteRunner.java:413)
at org.testng.SuiteRunner.privateRun(SuiteRunner.java:373)
at org.testng.SuiteRunner.run(SuiteRunner.java:312)
at org.testng.SuiteRunnerWorker.runSuite(SuiteRunnerWorker.java:52)
at org.testng.SuiteRunnerWorker.run(SuiteRunnerWorker.java:95)
at org.testng.TestNG.runSuitesSequentially(TestNG.java:1274)
at org.testng.TestNG.runSuitesLocally(TestNG.java:1208)
at org.testng.TestNG.runSuites(TestNG.java:1112)
at org.testng.TestNG.run(TestNG.java:1079)
at org.testng.remote.AbstractRemoteTestNG.run(AbstractRemoteTestNG.java:115)
at org.testng.remote.RemoteTestNG.initAndRun(RemoteTestNG.java:293)
at org.testng.remote.RemoteTestNG.main(RemoteTestNG.java:91)
]]>
    </error>
    <system-out>
      <![CDATA[captureScreen method called
<a href='C:\Users\agraway\Desktop\LifeSpeed-mainy\LifeSpeed-main\src\test\java\screenshot\TC02[1]inputText_04_11_2024_11_10_42.png'><img src='C:\Users\agraway\Desktop\LifeSpeed-mainy\LifeSpeed-main\src\test\java\screenshot\TC02[1]inputText_04_11_2024_11_10_42.png'height='100' width='100'/></a>
captureScreen method called
<a href='C:\Users\agraway\Desktop\LifeSpeed-mainy\LifeSpeed-main\src\test\java\screenshot\TC02[1]clickRadioButton_04_11_2024_11_10_52.png'><img src='C:\Users\agraway\Desktop\LifeSpeed-mainy\LifeSpeed-main\src\test\java\screenshot\TC02[1]clickRadioButton_04_11_2024_11_10_52.png'height='100' width='100'/></a>
captureScreen method called
<a href='C:\Users\agraway\Desktop\LifeSpeed-mainy\LifeSpeed-main\src\test\java\screenshot\TC02[1]inputText_04_11_2024_11_12_39.png'><img src='C:\Users\agraway\Desktop\LifeSpeed-mainy\LifeSpeed-main\src\test\java\screenshot\TC02[1]inputText_04_11_2024_11_12_39.png'height='100' width='100'/></a>
captureScreen method called
<a href='C:\Users\agraway\Desktop\LifeSpeed-mainy\LifeSpeed-main\src\test\java\screenshot\TC02[1]inputText_04_11_2024_11_13_30.png'><img src='C:\Users\agraway\Desktop\LifeSpeed-mainy\LifeSpeed-main\src\test\java\screenshot\TC02[1]inputText_04_11_2024_11_13_30.png'height='100' width='100'/></a>
captureScreen method called
<a href='C:\Users\agraway\Desktop\LifeSpeed-mainy\LifeSpeed-main\src\test\java\screenshot\TC02[1]inputText_04_11_2024_11_13_40.png'><img src='C:\Users\agraway\Desktop\LifeSpeed-mainy\LifeSpeed-main\src\test\java\screenshot\TC02[1]inputText_04_11_2024_11_13_40.png'height='100' width='100'/></a>
captureScreen method called
<a href='C:\Users\agraway\Desktop\LifeSpeed-mainy\LifeSpeed-main\src\test\java\screenshot\TC02[1]inputText_04_11_2024_11_13_50.png'><img src='C:\Users\agraway\Desktop\LifeSpeed-mainy\LifeSpeed-main\src\test\java\screenshot\TC02[1]inputText_04_11_2024_11_13_50.png'height='100' width='100'/></a>
captureScreen method called
<a href='C:\Users\agraway\Desktop\LifeSpeed-mainy\LifeSpeed-main\src\test\java\screenshot\TC02[1]inputText_04_11_2024_11_14_00.png'><img src='C:\Users\agraway\Desktop\LifeSpeed-mainy\LifeSpeed-main\src\test\java\screenshot\TC02[1]inputText_04_11_2024_11_14_00.png'height='100' width='100'/></a>
captureScreen method called
<a href='C:\Users\agraway\Desktop\LifeSpeed-mainy\LifeSpeed-main\src\test\java\screenshot\TC02[1]inputText_04_11_2024_11_14_10.png'><img src='C:\Users\agraway\Desktop\LifeSpeed-mainy\LifeSpeed-main\src\test\java\screenshot\TC02[1]inputText_04_11_2024_11_14_10.png'height='100' width='100'/></a>
captureScreen method called
<a href='C:\Users\agraway\Desktop\LifeSpeed-mainy\LifeSpeed-main\src\test\java\screenshot\TC02[1]inputText_04_11_2024_11_14_20.png'><img src='C:\Users\agraway\Desktop\LifeSpeed-mainy\LifeSpeed-main\src\test\java\screenshot\TC02[1]inputText_04_11_2024_11_14_20.png'height='100' width='100'/></a>
captureScreen method called
<a href='C:\Users\agraway\Desktop\LifeSpeed-mainy\LifeSpeed-main\src\test\java\screenshot\TC02[1]clickRadioButton_04_11_2024_11_15_11.png'><img src='C:\Users\agraway\Desktop\LifeSpeed-mainy\LifeSpeed-main\src\test\java\screenshot\TC02[1]clickRadioButton_04_11_2024_11_15_11.png'height='100' width='100'/></a>
captureScreen method called
<a href='C:\Users\agraway\Desktop\LifeSpeed-mainy\LifeSpeed-main\src\test\java\screenshot\TC02[1]selectByVisibleText_04_11_2024_11_15_30.png'><img src='C:\Users\agraway\Desktop\LifeSpeed-mainy\LifeSpeed-main\src\test\java\screenshot\TC02[1]selectByVisibleText_04_11_2024_11_15_30.png'height='100' width='100'/></a>
captureScreen method called
<a href='C:\Users\agraway\Desktop\LifeSpeed-mainy\LifeSpeed-main\src\test\java\screenshot\TC02[1]inputText_04_11_2024_11_15_47.png'><img src='C:\Users\agraway\Desktop\LifeSpeed-mainy\LifeSpeed-main\src\test\java\screenshot\TC02[1]inputText_04_11_2024_11_15_47.png'height='100' width='100'/></a>
captureScreen method called
<a href='C:\Users\agraway\Desktop\LifeSpeed-mainy\LifeSpeed-main\src\test\java\screenshot\TC02[1]clickRadioButton_04_11_2024_11_16_24.png'><img src='C:\Users\agraway\Desktop\LifeSpeed-mainy\LifeSpeed-main\src\test\java\screenshot\TC02[1]clickRadioButton_04_11_2024_11_16_24.png'height='100' width='100'/></a>
captureScreen method called
<a href='C:\Users\agraway\Desktop\LifeSpeed-mainy\LifeSpeed-main\src\test\java\screenshot\TC02[1]inputText_04_11_2024_11_17_52.png'><img src='C:\Users\agraway\Desktop\LifeSpeed-mainy\LifeSpeed-main\src\test\java\screenshot\TC02[1]inputText_04_11_2024_11_17_52.png'height='100' width='100'/></a>
captureScreen method called
<a href='C:\Users\agraway\Desktop\LifeSpeed-mainy\LifeSpeed-main\src\test\java\screenshot\TC02[1]inputText_04_11_2024_11_18_42.png'><img src='C:\Users\agraway\Desktop\LifeSpeed-mainy\LifeSpeed-main\src\test\java\screenshot\TC02[1]inputText_04_11_2024_11_18_42.png'height='100' width='100'/></a>
captureScreen method called
<a href='C:\Users\agraway\Desktop\LifeSpeed-mainy\LifeSpeed-main\src\test\java\screenshot\TC02[1]inputText_04_11_2024_11_19_33.png'><img src='C:\Users\agraway\Desktop\LifeSpeed-mainy\LifeSpeed-main\src\test\java\screenshot\TC02[1]inputText_04_11_2024_11_19_33.png'height='100' width='100'/></a>]]>
    </system-out>
  </testcase> <!-- TestCaseController -->
  <system-out>
    <![CDATA[captureScreen method called
<a href='C:\Users\agraway\Desktop\LifeSpeed-mainy\LifeSpeed-main\src\test\java\screenshot\TC02[1]inputText_04_11_2024_11_10_42.png'><img src='C:\Users\agraway\Desktop\LifeSpeed-mainy\LifeSpeed-main\src\test\java\screenshot\TC02[1]inputText_04_11_2024_11_10_42.png'height='100' width='100'/></a>
captureScreen method called
<a href='C:\Users\agraway\Desktop\LifeSpeed-mainy\LifeSpeed-main\src\test\java\screenshot\TC02[1]clickRadioButton_04_11_2024_11_10_52.png'><img src='C:\Users\agraway\Desktop\LifeSpeed-mainy\LifeSpeed-main\src\test\java\screenshot\TC02[1]clickRadioButton_04_11_2024_11_10_52.png'height='100' width='100'/></a>
captureScreen method called
<a href='C:\Users\agraway\Desktop\LifeSpeed-mainy\LifeSpeed-main\src\test\java\screenshot\TC02[1]inputText_04_11_2024_11_12_39.png'><img src='C:\Users\agraway\Desktop\LifeSpeed-mainy\LifeSpeed-main\src\test\java\screenshot\TC02[1]inputText_04_11_2024_11_12_39.png'height='100' width='100'/></a>
captureScreen method called
<a href='C:\Users\agraway\Desktop\LifeSpeed-mainy\LifeSpeed-main\src\test\java\screenshot\TC02[1]inputText_04_11_2024_11_13_30.png'><img src='C:\Users\agraway\Desktop\LifeSpeed-mainy\LifeSpeed-main\src\test\java\screenshot\TC02[1]inputText_04_11_2024_11_13_30.png'height='100' width='100'/></a>
captureScreen method called
<a href='C:\Users\agraway\Desktop\LifeSpeed-mainy\LifeSpeed-main\src\test\java\screenshot\TC02[1]inputText_04_11_2024_11_13_40.png'><img src='C:\Users\agraway\Desktop\LifeSpeed-mainy\LifeSpeed-main\src\test\java\screenshot\TC02[1]inputText_04_11_2024_11_13_40.png'height='100' width='100'/></a>
captureScreen method called
<a href='C:\Users\agraway\Desktop\LifeSpeed-mainy\LifeSpeed-main\src\test\java\screenshot\TC02[1]inputText_04_11_2024_11_13_50.png'><img src='C:\Users\agraway\Desktop\LifeSpeed-mainy\LifeSpeed-main\src\test\java\screenshot\TC02[1]inputText_04_11_2024_11_13_50.png'height='100' width='100'/></a>
captureScreen method called
<a href='C:\Users\agraway\Desktop\LifeSpeed-mainy\LifeSpeed-main\src\test\java\screenshot\TC02[1]inputText_04_11_2024_11_14_00.png'><img src='C:\Users\agraway\Desktop\LifeSpeed-mainy\LifeSpeed-main\src\test\java\screenshot\TC02[1]inputText_04_11_2024_11_14_00.png'height='100' width='100'/></a>
captureScreen method called
<a href='C:\Users\agraway\Desktop\LifeSpeed-mainy\LifeSpeed-main\src\test\java\screenshot\TC02[1]inputText_04_11_2024_11_14_10.png'><img src='C:\Users\agraway\Desktop\LifeSpeed-mainy\LifeSpeed-main\src\test\java\screenshot\TC02[1]inputText_04_11_2024_11_14_10.png'height='100' width='100'/></a>
captureScreen method called
<a href='C:\Users\agraway\Desktop\LifeSpeed-mainy\LifeSpeed-main\src\test\java\screenshot\TC02[1]inputText_04_11_2024_11_14_20.png'><img src='C:\Users\agraway\Desktop\LifeSpeed-mainy\LifeSpeed-main\src\test\java\screenshot\TC02[1]inputText_04_11_2024_11_14_20.png'height='100' width='100'/></a>
captureScreen method called
<a href='C:\Users\agraway\Desktop\LifeSpeed-mainy\LifeSpeed-main\src\test\java\screenshot\TC02[1]clickRadioButton_04_11_2024_11_15_11.png'><img src='C:\Users\agraway\Desktop\LifeSpeed-mainy\LifeSpeed-main\src\test\java\screenshot\TC02[1]clickRadioButton_04_11_2024_11_15_11.png'height='100' width='100'/></a>
captureScreen method called
<a href='C:\Users\agraway\Desktop\LifeSpeed-mainy\LifeSpeed-main\src\test\java\screenshot\TC02[1]selectByVisibleText_04_11_2024_11_15_30.png'><img src='C:\Users\agraway\Desktop\LifeSpeed-mainy\LifeSpeed-main\src\test\java\screenshot\TC02[1]selectByVisibleText_04_11_2024_11_15_30.png'height='100' width='100'/></a>
captureScreen method called
<a href='C:\Users\agraway\Desktop\LifeSpeed-mainy\LifeSpeed-main\src\test\java\screenshot\TC02[1]inputText_04_11_2024_11_15_47.png'><img src='C:\Users\agraway\Desktop\LifeSpeed-mainy\LifeSpeed-main\src\test\java\screenshot\TC02[1]inputText_04_11_2024_11_15_47.png'height='100' width='100'/></a>
captureScreen method called
<a href='C:\Users\agraway\Desktop\LifeSpeed-mainy\LifeSpeed-main\src\test\java\screenshot\TC02[1]clickRadioButton_04_11_2024_11_16_24.png'><img src='C:\Users\agraway\Desktop\LifeSpeed-mainy\LifeSpeed-main\src\test\java\screenshot\TC02[1]clickRadioButton_04_11_2024_11_16_24.png'height='100' width='100'/></a>
captureScreen method called
<a href='C:\Users\agraway\Desktop\LifeSpeed-mainy\LifeSpeed-main\src\test\java\screenshot\TC02[1]inputText_04_11_2024_11_17_52.png'><img src='C:\Users\agraway\Desktop\LifeSpeed-mainy\LifeSpeed-main\src\test\java\screenshot\TC02[1]inputText_04_11_2024_11_17_52.png'height='100' width='100'/></a>
captureScreen method called
<a href='C:\Users\agraway\Desktop\LifeSpeed-mainy\LifeSpeed-main\src\test\java\screenshot\TC02[1]inputText_04_11_2024_11_18_42.png'><img src='C:\Users\agraway\Desktop\LifeSpeed-mainy\LifeSpeed-main\src\test\java\screenshot\TC02[1]inputText_04_11_2024_11_18_42.png'height='100' width='100'/></a>
captureScreen method called
<a href='C:\Users\agraway\Desktop\LifeSpeed-mainy\LifeSpeed-main\src\test\java\screenshot\TC02[1]inputText_04_11_2024_11_19_33.png'><img src='C:\Users\agraway\Desktop\LifeSpeed-mainy\LifeSpeed-main\src\test\java\screenshot\TC02[1]inputText_04_11_2024_11_19_33.png'height='100' width='100'/></a>]]>
  </system-out>
</testsuite> <!-- testController.TestController -->
