<?xml version="1.0" encoding="UTF-8"?>
<!-- Generated by org.testng.reporters.JUnitReportReporter -->
<testsuite hostname="4N30FV2" failures="0" tests="1" name="samlUtility.ProductAndCarrierCodeUtils" time="1509.625" errors="1" timestamp="2024-06-18T14:48:46 IST" skipped="0">
  <testcase classname="samlUtility.ProductAndCarrierCodeUtils" name="TestCaseController" time="1509.625">
    <error message="Browsing context has been discarded
Build info: version: &#039;4.18.1&#039;, revision: &#039;b1d3319b48&#039;
System info: os.name: &#039;Windows 10&#039;, os.arch: &#039;amd64&#039;, os.version: &#039;10.0&#039;, java.version: &#039;17.0.11&#039;
Driver info: org.openqa.selenium.firefox.FirefoxDriver
Command: [1eab5c86-4680-42cb-bdc5-7d9243e2cee8, screenshot {}]
Capabilities {acceptInsecureCerts: true, browserName: firefox, browserVersion: 126.0.1, moz:accessibilityChecks: false, moz:buildID: 20240526221752, moz:debuggerAddress: 127.0.0.1:35566, moz:geckodriverVersion: 0.34.0, moz:headless: false, moz:platformVersion: 10.0, moz:processID: 11268, moz:profile: C:\Users\agraway\AppData\Lo..., moz:shutdownTimeout: 60000, moz:webdriverClick: true, moz:windowless: false, pageLoadStrategy: normal, platformName: windows, proxy: Proxy(), se:cdp: ws://127.0.0.1:35566/devtoo..., se:cdpVersion: 85.0, setWindowRect: true, strictFileInteractability: false, timeouts: {implicit: 0, pageLoad: 300000, script: 30000}, unhandledPromptBehavior: dismiss and notify, userAgent: Mozilla/5.0 (Windows NT 10....}
Session ID: 1eab5c86-4680-42cb-bdc5-7d9243e2cee8" type="org.openqa.selenium.NoSuchWindowException">
      <![CDATA[org.openqa.selenium.NoSuchWindowException: Browsing context has been discarded
Build info: version: '4.18.1', revision: 'b1d3319b48'
System info: os.name: 'Windows 10', os.arch: 'amd64', os.version: '10.0', java.version: '17.0.11'
Driver info: org.openqa.selenium.firefox.FirefoxDriver
Command: [1eab5c86-4680-42cb-bdc5-7d9243e2cee8, screenshot {}]
Capabilities {acceptInsecureCerts: true, browserName: firefox, browserVersion: 126.0.1, moz:accessibilityChecks: false, moz:buildID: 20240526221752, moz:debuggerAddress: 127.0.0.1:35566, moz:geckodriverVersion: 0.34.0, moz:headless: false, moz:platformVersion: 10.0, moz:processID: 11268, moz:profile: C:\Users\agraway\AppData\Lo..., moz:shutdownTimeout: 60000, moz:webdriverClick: true, moz:windowless: false, pageLoadStrategy: normal, platformName: windows, proxy: Proxy(), se:cdp: ws://127.0.0.1:35566/devtoo..., se:cdpVersion: 85.0, setWindowRect: true, strictFileInteractability: false, timeouts: {implicit: 0, pageLoad: 300000, script: 30000}, unhandledPromptBehavior: dismiss and notify, userAgent: Mozilla/5.0 (Windows NT 10....}
Session ID: 1eab5c86-4680-42cb-bdc5-7d9243e2cee8
at java.base/jdk.internal.reflect.NativeConstructorAccessorImpl.newInstance0(Native Method)
at java.base/jdk.internal.reflect.NativeConstructorAccessorImpl.newInstance(NativeConstructorAccessorImpl.java:77)
at java.base/jdk.internal.reflect.DelegatingConstructorAccessorImpl.newInstance(DelegatingConstructorAccessorImpl.java:45)
at java.base/java.lang.reflect.Constructor.newInstanceWithCaller(Constructor.java:499)
at java.base/java.lang.reflect.Constructor.newInstance(Constructor.java:480)
at org.openqa.selenium.remote.ErrorCodec.decode(ErrorCodec.java:167)
at org.openqa.selenium.remote.codec.w3c.W3CHttpResponseCodec.decode(W3CHttpResponseCodec.java:138)
at org.openqa.selenium.remote.codec.w3c.W3CHttpResponseCodec.decode(W3CHttpResponseCodec.java:50)
at org.openqa.selenium.remote.HttpCommandExecutor.execute(HttpCommandExecutor.java:190)
at org.openqa.selenium.remote.service.DriverCommandExecutor.invokeExecute(DriverCommandExecutor.java:216)
at org.openqa.selenium.remote.service.DriverCommandExecutor.execute(DriverCommandExecutor.java:174)
at org.openqa.selenium.remote.RemoteWebDriver.execute(RemoteWebDriver.java:519)
at org.openqa.selenium.remote.RemoteWebDriver.execute(RemoteWebDriver.java:592)
at org.openqa.selenium.remote.RemoteWebDriver.execute(RemoteWebDriver.java:596)
at org.openqa.selenium.remote.RemoteWebDriver.getScreenshotAs(RemoteWebDriver.java:322)
at testBase.TestBase.getScreenShot(TestBase.java:152)
at testController.TestController.TestCaseController(TestController.java:101)
at java.base/jdk.internal.reflect.NativeMethodAccessorImpl.invoke0(Native Method)
at java.base/jdk.internal.reflect.NativeMethodAccessorImpl.invoke(NativeMethodAccessorImpl.java:77)
at java.base/jdk.internal.reflect.DelegatingMethodAccessorImpl.invoke(DelegatingMethodAccessorImpl.java:43)
at java.base/java.lang.reflect.Method.invoke(Method.java:568)
at org.testng.internal.invokers.MethodInvocationHelper.invokeMethod(MethodInvocationHelper.java:141)
at org.testng.internal.invokers.TestInvoker.invokeMethod(TestInvoker.java:686)
at org.testng.internal.invokers.TestInvoker.invokeTestMethod(TestInvoker.java:230)
at org.testng.internal.invokers.MethodRunner.runInSequence(MethodRunner.java:63)
at org.testng.internal.invokers.TestInvoker$MethodInvocationAgent.invoke(TestInvoker.java:992)
at org.testng.internal.invokers.TestInvoker.invokeTestMethods(TestInvoker.java:203)
at org.testng.internal.invokers.TestMethodWorker.invokeTestMethods(TestMethodWorker.java:154)
at org.testng.internal.invokers.TestMethodWorker.run(TestMethodWorker.java:134)
at java.base/java.util.ArrayList.forEach(ArrayList.java:1511)
at org.testng.TestRunner.privateRun(TestRunner.java:739)
at org.testng.TestRunner.run(TestRunner.java:614)
at org.testng.SuiteRunner.runTest(SuiteRunner.java:421)
at org.testng.SuiteRunner.runSequentially(SuiteRunner.java:413)
at org.testng.SuiteRunner.privateRun(SuiteRunner.java:373)
at org.testng.SuiteRunner.run(SuiteRunner.java:312)
at org.testng.SuiteRunnerWorker.runSuite(SuiteRunnerWorker.java:52)
at org.testng.SuiteRunnerWorker.run(SuiteRunnerWorker.java:95)
at org.testng.TestNG.runSuitesSequentially(TestNG.java:1274)
at org.testng.TestNG.runSuitesLocally(TestNG.java:1208)
at org.testng.TestNG.runSuites(TestNG.java:1112)
at org.testng.TestNG.run(TestNG.java:1079)
at org.testng.remote.AbstractRemoteTestNG.run(AbstractRemoteTestNG.java:115)
at org.testng.remote.RemoteTestNG.initAndRun(RemoteTestNG.java:293)
at org.testng.remote.RemoteTestNG.main(RemoteTestNG.java:91)
]]>
    </error>
    <system-out>
      <![CDATA[captureScreen method called
<a href='C:\Users\agraway\eclipse-workspace\LifeSpeed-main\src\test\java\screenshot\TC23[1]inputText_18_06_2024_02_24_57.png'><img src='C:\Users\agraway\eclipse-workspace\LifeSpeed-main\src\test\java\screenshot\TC23[1]inputText_18_06_2024_02_24_57.png'height='100' width='100'/></a>
captureScreen method called
<a href='C:\Users\agraway\eclipse-workspace\LifeSpeed-main\src\test\java\screenshot\TC23[1]clickRadioButton_18_06_2024_02_25_48.png'><img src='C:\Users\agraway\eclipse-workspace\LifeSpeed-main\src\test\java\screenshot\TC23[1]clickRadioButton_18_06_2024_02_25_48.png'height='100' width='100'/></a>
captureScreen method called
<a href='C:\Users\agraway\eclipse-workspace\LifeSpeed-main\src\test\java\screenshot\TC23[1]inputText_18_06_2024_02_27_34.png'><img src='C:\Users\agraway\eclipse-workspace\LifeSpeed-main\src\test\java\screenshot\TC23[1]inputText_18_06_2024_02_27_34.png'height='100' width='100'/></a>
captureScreen method called
<a href='C:\Users\agraway\eclipse-workspace\LifeSpeed-main\src\test\java\screenshot\TC23[1]selectByVisibleText_18_06_2024_02_29_03.png'><img src='C:\Users\agraway\eclipse-workspace\LifeSpeed-main\src\test\java\screenshot\TC23[1]selectByVisibleText_18_06_2024_02_29_03.png'height='100' width='100'/></a>
captureScreen method called
<a href='C:\Users\agraway\eclipse-workspace\LifeSpeed-main\src\test\java\screenshot\TC23[1]selectByVisibleText_18_06_2024_02_29_45.png'><img src='C:\Users\agraway\eclipse-workspace\LifeSpeed-main\src\test\java\screenshot\TC23[1]selectByVisibleText_18_06_2024_02_29_45.png'height='100' width='100'/></a>
captureScreen method called
<a href='C:\Users\agraway\eclipse-workspace\LifeSpeed-main\src\test\java\screenshot\TC23[1]selectByVisibleText_18_06_2024_02_30_12.png'><img src='C:\Users\agraway\eclipse-workspace\LifeSpeed-main\src\test\java\screenshot\TC23[1]selectByVisibleText_18_06_2024_02_30_12.png'height='100' width='100'/></a>
captureScreen method called
<a href='C:\Users\agraway\eclipse-workspace\LifeSpeed-main\src\test\java\screenshot\TC23[1]inputText_18_06_2024_02_30_12.png'><img src='C:\Users\agraway\eclipse-workspace\LifeSpeed-main\src\test\java\screenshot\TC23[1]inputText_18_06_2024_02_30_12.png'height='100' width='100'/></a>
captureScreen method called
<a href='C:\Users\agraway\eclipse-workspace\LifeSpeed-main\src\test\java\screenshot\TC23[1]inputText_18_06_2024_02_32_00.png'><img src='C:\Users\agraway\eclipse-workspace\LifeSpeed-main\src\test\java\screenshot\TC23[1]inputText_18_06_2024_02_32_00.png'height='100' width='100'/></a>
captureScreen method called
<a href='C:\Users\agraway\eclipse-workspace\LifeSpeed-main\src\test\java\screenshot\TC23[1]inputText_18_06_2024_02_32_51.png'><img src='C:\Users\agraway\eclipse-workspace\LifeSpeed-main\src\test\java\screenshot\TC23[1]inputText_18_06_2024_02_32_51.png'height='100' width='100'/></a>
captureScreen method called
<a href='C:\Users\agraway\eclipse-workspace\LifeSpeed-main\src\test\java\screenshot\TC23[1]clickOnLink_18_06_2024_02_34_53.png'><img src='C:\Users\agraway\eclipse-workspace\LifeSpeed-main\src\test\java\screenshot\TC23[1]clickOnLink_18_06_2024_02_34_53.png'height='100' width='100'/></a>
captureScreen method called
<a href='C:\Users\agraway\eclipse-workspace\LifeSpeed-main\src\test\java\screenshot\TC23[1]clickOnLink_18_06_2024_02_35_35.png'><img src='C:\Users\agraway\eclipse-workspace\LifeSpeed-main\src\test\java\screenshot\TC23[1]clickOnLink_18_06_2024_02_35_35.png'height='100' width='100'/></a>
captureScreen method called
<a href='C:\Users\agraway\eclipse-workspace\LifeSpeed-main\src\test\java\screenshot\TC23[1]clickOnLink_18_06_2024_02_36_01.png'><img src='C:\Users\agraway\eclipse-workspace\LifeSpeed-main\src\test\java\screenshot\TC23[1]clickOnLink_18_06_2024_02_36_01.png'height='100' width='100'/></a>
captureScreen method called
<a href='C:\Users\agraway\eclipse-workspace\LifeSpeed-main\src\test\java\screenshot\TC23[1]verifyText_18_06_2024_02_37_31.png'><img src='C:\Users\agraway\eclipse-workspace\LifeSpeed-main\src\test\java\screenshot\TC23[1]verifyText_18_06_2024_02_37_31.png'height='100' width='100'/></a>
captureScreen method called
<a href='C:\Users\agraway\eclipse-workspace\LifeSpeed-main\src\test\java\screenshot\TC23[1]clickOnLink_18_06_2024_02_38_00.png'><img src='C:\Users\agraway\eclipse-workspace\LifeSpeed-main\src\test\java\screenshot\TC23[1]clickOnLink_18_06_2024_02_38_00.png'height='100' width='100'/></a>
captureScreen method called
<a href='C:\Users\agraway\eclipse-workspace\LifeSpeed-main\src\test\java\screenshot\TC23[1]clickOnLink_18_06_2024_02_38_44.png'><img src='C:\Users\agraway\eclipse-workspace\LifeSpeed-main\src\test\java\screenshot\TC23[1]clickOnLink_18_06_2024_02_38_44.png'height='100' width='100'/></a>
captureScreen method called
<a href='C:\Users\agraway\eclipse-workspace\LifeSpeed-main\src\test\java\screenshot\TC23[1]clickOnLink_18_06_2024_02_43_20.png'><img src='C:\Users\agraway\eclipse-workspace\LifeSpeed-main\src\test\java\screenshot\TC23[1]clickOnLink_18_06_2024_02_43_20.png'height='100' width='100'/></a>
captureScreen method called
<a href='C:\Users\agraway\eclipse-workspace\LifeSpeed-main\src\test\java\screenshot\TC23[2]inputText_18_06_2024_02_46_18.png'><img src='C:\Users\agraway\eclipse-workspace\LifeSpeed-main\src\test\java\screenshot\TC23[2]inputText_18_06_2024_02_46_18.png'height='100' width='100'/></a>
captureScreen method called
<a href='C:\Users\agraway\eclipse-workspace\LifeSpeed-main\src\test\java\screenshot\TC23[2]clickRadioButton_18_06_2024_02_47_09.png'><img src='C:\Users\agraway\eclipse-workspace\LifeSpeed-main\src\test\java\screenshot\TC23[2]clickRadioButton_18_06_2024_02_47_09.png'height='100' width='100'/></a>
captureScreen method called]]>
    </system-out>
  </testcase> <!-- TestCaseController -->
  <system-out>
    <![CDATA[captureScreen method called
<a href='C:\Users\agraway\eclipse-workspace\LifeSpeed-main\src\test\java\screenshot\TC23[1]inputText_18_06_2024_02_24_57.png'><img src='C:\Users\agraway\eclipse-workspace\LifeSpeed-main\src\test\java\screenshot\TC23[1]inputText_18_06_2024_02_24_57.png'height='100' width='100'/></a>
captureScreen method called
<a href='C:\Users\agraway\eclipse-workspace\LifeSpeed-main\src\test\java\screenshot\TC23[1]clickRadioButton_18_06_2024_02_25_48.png'><img src='C:\Users\agraway\eclipse-workspace\LifeSpeed-main\src\test\java\screenshot\TC23[1]clickRadioButton_18_06_2024_02_25_48.png'height='100' width='100'/></a>
captureScreen method called
<a href='C:\Users\agraway\eclipse-workspace\LifeSpeed-main\src\test\java\screenshot\TC23[1]inputText_18_06_2024_02_27_34.png'><img src='C:\Users\agraway\eclipse-workspace\LifeSpeed-main\src\test\java\screenshot\TC23[1]inputText_18_06_2024_02_27_34.png'height='100' width='100'/></a>
captureScreen method called
<a href='C:\Users\agraway\eclipse-workspace\LifeSpeed-main\src\test\java\screenshot\TC23[1]selectByVisibleText_18_06_2024_02_29_03.png'><img src='C:\Users\agraway\eclipse-workspace\LifeSpeed-main\src\test\java\screenshot\TC23[1]selectByVisibleText_18_06_2024_02_29_03.png'height='100' width='100'/></a>
captureScreen method called
<a href='C:\Users\agraway\eclipse-workspace\LifeSpeed-main\src\test\java\screenshot\TC23[1]selectByVisibleText_18_06_2024_02_29_45.png'><img src='C:\Users\agraway\eclipse-workspace\LifeSpeed-main\src\test\java\screenshot\TC23[1]selectByVisibleText_18_06_2024_02_29_45.png'height='100' width='100'/></a>
captureScreen method called
<a href='C:\Users\agraway\eclipse-workspace\LifeSpeed-main\src\test\java\screenshot\TC23[1]selectByVisibleText_18_06_2024_02_30_12.png'><img src='C:\Users\agraway\eclipse-workspace\LifeSpeed-main\src\test\java\screenshot\TC23[1]selectByVisibleText_18_06_2024_02_30_12.png'height='100' width='100'/></a>
captureScreen method called
<a href='C:\Users\agraway\eclipse-workspace\LifeSpeed-main\src\test\java\screenshot\TC23[1]inputText_18_06_2024_02_30_12.png'><img src='C:\Users\agraway\eclipse-workspace\LifeSpeed-main\src\test\java\screenshot\TC23[1]inputText_18_06_2024_02_30_12.png'height='100' width='100'/></a>
captureScreen method called
<a href='C:\Users\agraway\eclipse-workspace\LifeSpeed-main\src\test\java\screenshot\TC23[1]inputText_18_06_2024_02_32_00.png'><img src='C:\Users\agraway\eclipse-workspace\LifeSpeed-main\src\test\java\screenshot\TC23[1]inputText_18_06_2024_02_32_00.png'height='100' width='100'/></a>
captureScreen method called
<a href='C:\Users\agraway\eclipse-workspace\LifeSpeed-main\src\test\java\screenshot\TC23[1]inputText_18_06_2024_02_32_51.png'><img src='C:\Users\agraway\eclipse-workspace\LifeSpeed-main\src\test\java\screenshot\TC23[1]inputText_18_06_2024_02_32_51.png'height='100' width='100'/></a>
captureScreen method called
<a href='C:\Users\agraway\eclipse-workspace\LifeSpeed-main\src\test\java\screenshot\TC23[1]clickOnLink_18_06_2024_02_34_53.png'><img src='C:\Users\agraway\eclipse-workspace\LifeSpeed-main\src\test\java\screenshot\TC23[1]clickOnLink_18_06_2024_02_34_53.png'height='100' width='100'/></a>
captureScreen method called
<a href='C:\Users\agraway\eclipse-workspace\LifeSpeed-main\src\test\java\screenshot\TC23[1]clickOnLink_18_06_2024_02_35_35.png'><img src='C:\Users\agraway\eclipse-workspace\LifeSpeed-main\src\test\java\screenshot\TC23[1]clickOnLink_18_06_2024_02_35_35.png'height='100' width='100'/></a>
captureScreen method called
<a href='C:\Users\agraway\eclipse-workspace\LifeSpeed-main\src\test\java\screenshot\TC23[1]clickOnLink_18_06_2024_02_36_01.png'><img src='C:\Users\agraway\eclipse-workspace\LifeSpeed-main\src\test\java\screenshot\TC23[1]clickOnLink_18_06_2024_02_36_01.png'height='100' width='100'/></a>
captureScreen method called
<a href='C:\Users\agraway\eclipse-workspace\LifeSpeed-main\src\test\java\screenshot\TC23[1]verifyText_18_06_2024_02_37_31.png'><img src='C:\Users\agraway\eclipse-workspace\LifeSpeed-main\src\test\java\screenshot\TC23[1]verifyText_18_06_2024_02_37_31.png'height='100' width='100'/></a>
captureScreen method called
<a href='C:\Users\agraway\eclipse-workspace\LifeSpeed-main\src\test\java\screenshot\TC23[1]clickOnLink_18_06_2024_02_38_00.png'><img src='C:\Users\agraway\eclipse-workspace\LifeSpeed-main\src\test\java\screenshot\TC23[1]clickOnLink_18_06_2024_02_38_00.png'height='100' width='100'/></a>
captureScreen method called
<a href='C:\Users\agraway\eclipse-workspace\LifeSpeed-main\src\test\java\screenshot\TC23[1]clickOnLink_18_06_2024_02_38_44.png'><img src='C:\Users\agraway\eclipse-workspace\LifeSpeed-main\src\test\java\screenshot\TC23[1]clickOnLink_18_06_2024_02_38_44.png'height='100' width='100'/></a>
captureScreen method called
<a href='C:\Users\agraway\eclipse-workspace\LifeSpeed-main\src\test\java\screenshot\TC23[1]clickOnLink_18_06_2024_02_43_20.png'><img src='C:\Users\agraway\eclipse-workspace\LifeSpeed-main\src\test\java\screenshot\TC23[1]clickOnLink_18_06_2024_02_43_20.png'height='100' width='100'/></a>
captureScreen method called
<a href='C:\Users\agraway\eclipse-workspace\LifeSpeed-main\src\test\java\screenshot\TC23[2]inputText_18_06_2024_02_46_18.png'><img src='C:\Users\agraway\eclipse-workspace\LifeSpeed-main\src\test\java\screenshot\TC23[2]inputText_18_06_2024_02_46_18.png'height='100' width='100'/></a>
captureScreen method called
<a href='C:\Users\agraway\eclipse-workspace\LifeSpeed-main\src\test\java\screenshot\TC23[2]clickRadioButton_18_06_2024_02_47_09.png'><img src='C:\Users\agraway\eclipse-workspace\LifeSpeed-main\src\test\java\screenshot\TC23[2]clickRadioButton_18_06_2024_02_47_09.png'height='100' width='100'/></a>
captureScreen method called]]>
  </system-out>
</testsuite> <!-- samlUtility.ProductAndCarrierCodeUtils -->
